Using pre-set license
Built from '2020.2/staging' branch; Version is '2020.2.5f1 (e2c53f129de5) revision 14861631'; Using compiler version '192528614'; Build Type 'Release'
OS: 'Windows 10 Home Single Language; OS build 19045.3448; Version 2009; 64bit' Language: 'ru' Physical Memory: 7068 MB
BatchMode: 1, IsHumanControllingUs: 0, StartBugReporterOnCrash: 0, Is64bit: 1, IsPro: 0

 COMMAND LINE ARGUMENTS:
D:\Unity\Engine\2020.2.5f1\Editor\Unity.exe
-adb2
-batchMode
-noUpm
-name
AssetImportWorker0
-projectPath
D:/Unity/Project/ChessGame
-logFile
Logs/AssetImportWorker0.log
-srvPort
63052
Successfully changed project path to: D:/Unity/Project/ChessGame
D:/Unity/Project/ChessGame
Using Asset Import Pipeline V2.
Refreshing native plugins compatible for Editor in 84.85 ms, found 1 plugins.
Preloading 0 native plugins for Editor in 0.00 ms.
Initialize engine version: 2020.2.5f1 (e2c53f129de5)
[Subsystems] Discovering subsystems at path D:/Unity/Engine/2020.2.5f1/Editor/Data/Resources/UnitySubsystems
[Subsystems] Discovering subsystems at path D:/Unity/Project/ChessGame/Assets
GfxDevice: creating device client; threaded=0
Direct3D:
    Version:  Direct3D 11.0 [level 11.1]
    Renderer: Radeon RX 560X Series (ID=0x67ef)
    Vendor:   
    VRAM:     4076 MB
    Driver:   31.0.12029.10015
Initialize mono
Mono path[0] = 'D:/Unity/Engine/2020.2.5f1/Editor/Data/Managed'
Mono path[1] = 'D:/Unity/Engine/2020.2.5f1/Editor/Data/MonoBleedingEdge/lib/mono/unityjit'
Mono config path = 'D:/Unity/Engine/2020.2.5f1/Editor/Data/MonoBleedingEdge/etc'
Using monoOptions --debugger-agent=transport=dt_socket,embedding=1,server=y,suspend=n,address=127.0.0.1:56444
Begin MonoManager ReloadAssembly
Registering precompiled unity dll's ...
Register platform support module: D:/Unity/Engine/2020.2.5f1/Editor/Data/PlaybackEngines/WindowsStandaloneSupport/UnityEditor.WindowsStandalone.Extensions.dll
Registered in 0.002180 seconds.
Native extension for WindowsStandalone target not found
Refreshing native plugins compatible for Editor in 77.28 ms, found 1 plugins.
Preloading 0 native plugins for Editor in 0.00 ms.
Invoked RoslynAnalysisRunner static constructor.
RoslynAnalysisRunner will not be running.
RoslynAnalysisRunner has terminated.
Mono: successfully reloaded assembly
- Completed reload, in  3.679 seconds
Platform modules already initialized, skipping
Registering precompiled user dll's ...
Registered in 0.002996 seconds.
Begin MonoManager ReloadAssembly
Native extension for WindowsStandalone target not found
Refreshing native plugins compatible for Editor in 84.36 ms, found 1 plugins.
Preloading 0 native plugins for Editor in 0.00 ms.
Invoked RoslynAnalysisRunner static constructor.
RoslynAnalysisRunner will not be running.
RoslynAnalysisRunner has terminated.
Mono: successfully reloaded assembly
- Completed reload, in  2.021 seconds
Platform modules already initialized, skipping
========================================================================
Worker process is ready to serve import requests
Launched and connected shader compiler UnityShaderCompiler.exe after 0.10 seconds
Refreshing native plugins compatible for Editor in 0.82 ms, found 1 plugins.
Preloading 0 native plugins for Editor in 0.00 ms.
Unloading 1915 Unused Serialized files (Serialized files now loaded: 0)
System memory in use before: 87.5 MB.
System memory in use after: 87.6 MB.

Unloading 34 unused Assets to reduce memory usage. Loaded Objects now: 2348.
Total: 4.208900 ms (FindLiveObjects: 0.448100 ms CreateObjectMapping: 0.312300 ms MarkObjects: 3.315800 ms  DeleteObjects: 0.129800 ms)

========================================================================
Received Import Request.
  path: Assets/Source/ChessClientServer.dll
  artifactKey: Guid(52ef7b4a514f47a4aa2dd3afb4539ba6) Importer(815301076,1909f56bfc062723c751e8b465ee728b)
Start importing Assets/Source/ChessClientServer.dll using Guid(52ef7b4a514f47a4aa2dd3afb4539ba6) Importer(815301076,1909f56bfc062723c751e8b465ee728b)  -> (artifact id: '00000000000000000000000000000000') in 0.127601 seconds
  ERROR: Build asset version error: assets/source/chessclientserver.dll in SourceAssetDB has modification time of '2023-09-09T17:04:43.7617216Z' while content on disk has modification time of '0001-01-01T00:00:00Z'
  Import took 0.133335 seconds .

========================================================================
Received Prepare
Refreshing native plugins compatible for Editor in 8.01 ms, found 1 plugins.
Preloading 0 native plugins for Editor in 0.00 ms.
Unloading 18 Unused Serialized files (Serialized files now loaded: 0)
System memory in use before: 49.6 MB.
System memory in use after: 49.8 MB.

Unloading 18 unused Assets to reduce memory usage. Loaded Objects now: 2348.
Total: 5.184700 ms (FindLiveObjects: 0.628200 ms CreateObjectMapping: 0.211300 ms MarkObjects: 4.289000 ms  DeleteObjects: 0.051500 ms)

========================================================================
Received Import Request.
  Time since last request: 135.934255 seconds.
  path: Assets/Source/dependent/GameInfo.cs
  artifactKey: Guid(4fcb8ffaad10db34e852098db84a6ca9) Importer(815301076,1909f56bfc062723c751e8b465ee728b)
Start importing Assets/Source/dependent/GameInfo.cs using Guid(4fcb8ffaad10db34e852098db84a6ca9) Importer(815301076,1909f56bfc062723c751e8b465ee728b)  -> (artifact id: 'd8f78f7ef2e8f361aedce210eb5932ea') in 0.035520 seconds
  Import took 0.090051 seconds .

========================================================================
Received Import Request.
  Time since last request: 260.376129 seconds.
  path: Assets/Source/dependent/GameInfo.cs
  artifactKey: Guid(4fcb8ffaad10db34e852098db84a6ca9) Importer(815301076,1909f56bfc062723c751e8b465ee728b)
Start importing Assets/Source/dependent/GameInfo.cs using Guid(4fcb8ffaad10db34e852098db84a6ca9) Importer(815301076,1909f56bfc062723c751e8b465ee728b)  -> (artifact id: 'dc8b9a425390b985513d1c0513bbbc95') in 0.006591 seconds
  Import took 0.058959 seconds .

========================================================================
Received Import Request.
  Time since last request: 0.033650 seconds.
  path: Assets/Source/dependent/GameInfo.cs
  artifactKey: Guid(4fcb8ffaad10db34e852098db84a6ca9) Importer(815301076,1909f56bfc062723c751e8b465ee728b)
Start importing Assets/Source/dependent/GameInfo.cs using Guid(4fcb8ffaad10db34e852098db84a6ca9) Importer(815301076,1909f56bfc062723c751e8b465ee728b)  -> (artifact id: 'dc8b9a425390b985513d1c0513bbbc95') in 0.006847 seconds
  Import took 0.025708 seconds .

========================================================================
Received Import Request.
  Time since last request: 10.144692 seconds.
  path: Assets/Source/dependent/GameInfo.cs
  artifactKey: Guid(4fcb8ffaad10db34e852098db84a6ca9) Importer(815301076,1909f56bfc062723c751e8b465ee728b)
Start importing Assets/Source/dependent/GameInfo.cs using Guid(4fcb8ffaad10db34e852098db84a6ca9) Importer(815301076,1909f56bfc062723c751e8b465ee728b)  -> (artifact id: '9cf2dad4bfc03685020055d6cea240f9') in 0.006153 seconds
  Import took 0.026317 seconds .

========================================================================
Received Prepare
Registering precompiled user dll's ...
Registered in 0.014792 seconds.
Begin MonoManager ReloadAssembly
Native extension for WindowsStandalone target not found
Refreshing native plugins compatible for Editor in 0.84 ms, found 1 plugins.
Preloading 0 native plugins for Editor in 0.00 ms.
Invoked RoslynAnalysisRunner static constructor.
RoslynAnalysisRunner will not be running.
RoslynAnalysisRunner has terminated.
Mono: successfully reloaded assembly
- Completed reload, in  1.781 seconds
Platform modules already initialized, skipping
Refreshing native plugins compatible for Editor in 0.68 ms, found 1 plugins.
Preloading 0 native plugins for Editor in 0.00 ms.
Unloading 1904 Unused Serialized files (Serialized files now loaded: 0)
System memory in use before: 87.3 MB.
System memory in use after: 87.4 MB.

Unloading 21 unused Assets to reduce memory usage. Loaded Objects now: 2351.
Total: 4.075900 ms (FindLiveObjects: 0.457800 ms CreateObjectMapping: 0.085600 ms MarkObjects: 3.493100 ms  DeleteObjects: 0.034000 ms)

========================================================================
Received Prepare
Registering precompiled user dll's ...
Registered in 0.001878 seconds.
Begin MonoManager ReloadAssembly
Native extension for WindowsStandalone target not found
Refreshing native plugins compatible for Editor in 1.69 ms, found 1 plugins.
Preloading 0 native plugins for Editor in 0.00 ms.
Invoked RoslynAnalysisRunner static constructor.
RoslynAnalysisRunner will not be running.
RoslynAnalysisRunner has terminated.
Mono: successfully reloaded assembly
- Completed reload, in  1.434 seconds
Platform modules already initialized, skipping
Refreshing native plugins compatible for Editor in 0.96 ms, found 1 plugins.
Preloading 0 native plugins for Editor in 0.00 ms.
Unloading 1904 Unused Serialized files (Serialized files now loaded: 0)
System memory in use before: 87.4 MB.
System memory in use after: 87.5 MB.

Unloading 21 unused Assets to reduce memory usage. Loaded Objects now: 2354.
Total: 2.939400 ms (FindLiveObjects: 0.345700 ms CreateObjectMapping: 0.075000 ms MarkObjects: 2.485200 ms  DeleteObjects: 0.032300 ms)

========================================================================
Received Import Request.
  Time since last request: 96.929915 seconds.
  path: Assets/Source/dependent/GameInfo.cs
  artifactKey: Guid(4fcb8ffaad10db34e852098db84a6ca9) Importer(815301076,1909f56bfc062723c751e8b465ee728b)
Start importing Assets/Source/dependent/GameInfo.cs using Guid(4fcb8ffaad10db34e852098db84a6ca9) Importer(815301076,1909f56bfc062723c751e8b465ee728b)  -> (artifact id: 'a0bedde4b06d9ed129f2420bd7381640') in 0.009532 seconds
  Import took 0.039316 seconds .

========================================================================
Received Import Request.
  Time since last request: 0.103879 seconds.
  path: Assets/Source/dependent/GameInfo.cs
  artifactKey: Guid(4fcb8ffaad10db34e852098db84a6ca9) Importer(815301076,1909f56bfc062723c751e8b465ee728b)
Start importing Assets/Source/dependent/GameInfo.cs using Guid(4fcb8ffaad10db34e852098db84a6ca9) Importer(815301076,1909f56bfc062723c751e8b465ee728b)  -> (artifact id: 'a0bedde4b06d9ed129f2420bd7381640') in 0.005001 seconds
  Import took 0.010233 seconds .

========================================================================
Received Prepare
Registering precompiled user dll's ...
Registered in 0.001772 seconds.
Begin MonoManager ReloadAssembly
Native extension for WindowsStandalone target not found
Refreshing native plugins compatible for Editor in 0.63 ms, found 1 plugins.
Preloading 0 native plugins for Editor in 0.00 ms.
Invoked RoslynAnalysisRunner static constructor.
RoslynAnalysisRunner will not be running.
RoslynAnalysisRunner has terminated.
Mono: successfully reloaded assembly
- Completed reload, in  1.223 seconds
Platform modules already initialized, skipping
Refreshing native plugins compatible for Editor in 0.65 ms, found 1 plugins.
Preloading 0 native plugins for Editor in 0.00 ms.
Unloading 1904 Unused Serialized files (Serialized files now loaded: 0)
System memory in use before: 87.4 MB.
System memory in use after: 87.5 MB.

Unloading 21 unused Assets to reduce memory usage. Loaded Objects now: 2357.
Total: 3.003400 ms (FindLiveObjects: 0.268700 ms CreateObjectMapping: 0.067800 ms MarkObjects: 2.629800 ms  DeleteObjects: 0.033400 ms)

========================================================================
Received Import Request.
  Time since last request: 3101.807449 seconds.
  path: Assets/Source/dependent/GameInfo.cs
  artifactKey: Guid(4fcb8ffaad10db34e852098db84a6ca9) Importer(815301076,1909f56bfc062723c751e8b465ee728b)
Start importing Assets/Source/dependent/GameInfo.cs using Guid(4fcb8ffaad10db34e852098db84a6ca9) Importer(815301076,1909f56bfc062723c751e8b465ee728b)  -> (artifact id: 'ef765857058d51d306d4d5ad25515ed4') in 0.008560 seconds
  Import took 0.029274 seconds .

========================================================================
Received Import Request.
  Time since last request: 0.124553 seconds.
  path: Assets/Source/dependent/GameInfo.cs
  artifactKey: Guid(4fcb8ffaad10db34e852098db84a6ca9) Importer(815301076,1909f56bfc062723c751e8b465ee728b)
Start importing Assets/Source/dependent/GameInfo.cs using Guid(4fcb8ffaad10db34e852098db84a6ca9) Importer(815301076,1909f56bfc062723c751e8b465ee728b)  -> (artifact id: 'ef765857058d51d306d4d5ad25515ed4') in 0.004721 seconds
  Import took 0.010439 seconds .

========================================================================
Received Prepare
Registering precompiled user dll's ...
Registered in 0.001818 seconds.
Begin MonoManager ReloadAssembly
Native extension for WindowsStandalone target not found
Refreshing native plugins compatible for Editor in 0.72 ms, found 1 plugins.
Preloading 0 native plugins for Editor in 0.00 ms.
Invoked RoslynAnalysisRunner static constructor.
RoslynAnalysisRunner will not be running.
RoslynAnalysisRunner has terminated.
Mono: successfully reloaded assembly
- Completed reload, in  1.415 seconds
Platform modules already initialized, skipping
Refreshing native plugins compatible for Editor in 0.63 ms, found 1 plugins.
Preloading 0 native plugins for Editor in 0.00 ms.
Unloading 1904 Unused Serialized files (Serialized files now loaded: 0)
System memory in use before: 87.4 MB.
System memory in use after: 87.5 MB.

Unloading 21 unused Assets to reduce memory usage. Loaded Objects now: 2360.
Total: 3.403900 ms (FindLiveObjects: 0.428400 ms CreateObjectMapping: 0.112100 ms MarkObjects: 2.824300 ms  DeleteObjects: 0.035600 ms)

========================================================================
Received Prepare
Registering precompiled user dll's ...
Registered in 0.002414 seconds.
Begin MonoManager ReloadAssembly
Native extension for WindowsStandalone target not found
Refreshing native plugins compatible for Editor in 0.59 ms, found 1 plugins.
Preloading 0 native plugins for Editor in 0.00 ms.
Invoked RoslynAnalysisRunner static constructor.
RoslynAnalysisRunner will not be running.
RoslynAnalysisRunner has terminated.
Mono: successfully reloaded assembly
- Completed reload, in  1.289 seconds
Platform modules already initialized, skipping
Refreshing native plugins compatible for Editor in 0.74 ms, found 1 plugins.
Preloading 0 native plugins for Editor in 0.00 ms.
Unloading 1904 Unused Serialized files (Serialized files now loaded: 0)
System memory in use before: 87.4 MB.
System memory in use after: 87.5 MB.

Unloading 21 unused Assets to reduce memory usage. Loaded Objects now: 2363.
Total: 3.440000 ms (FindLiveObjects: 0.468100 ms CreateObjectMapping: 0.070700 ms MarkObjects: 2.863100 ms  DeleteObjects: 0.036200 ms)

========================================================================
Received Import Request.
  Time since last request: 81.568524 seconds.
  path: Assets/Source/dependent/GameInfo.cs
  artifactKey: Guid(4fcb8ffaad10db34e852098db84a6ca9) Importer(815301076,1909f56bfc062723c751e8b465ee728b)
Start importing Assets/Source/dependent/GameInfo.cs using Guid(4fcb8ffaad10db34e852098db84a6ca9) Importer(815301076,1909f56bfc062723c751e8b465ee728b)  -> (artifact id: '0ead41f357cc85b27ddbce0db6e6dabf') in 0.010613 seconds
  Import took 0.125420 seconds .

========================================================================
Received Import Request.
  Time since last request: 0.024635 seconds.
  path: Assets/Source/dependent/GameInfo.cs
  artifactKey: Guid(4fcb8ffaad10db34e852098db84a6ca9) Importer(815301076,1909f56bfc062723c751e8b465ee728b)
Start importing Assets/Source/dependent/GameInfo.cs using Guid(4fcb8ffaad10db34e852098db84a6ca9) Importer(815301076,1909f56bfc062723c751e8b465ee728b)  -> (artifact id: '0ead41f357cc85b27ddbce0db6e6dabf') in 0.004988 seconds
  Import took 0.011353 seconds .

========================================================================
Received Prepare
Registering precompiled user dll's ...
Registered in 0.002260 seconds.
Begin MonoManager ReloadAssembly
Native extension for WindowsStandalone target not found
Refreshing native plugins compatible for Editor in 0.63 ms, found 1 plugins.
Preloading 0 native plugins for Editor in 0.00 ms.
Invoked RoslynAnalysisRunner static constructor.
RoslynAnalysisRunner will not be running.
RoslynAnalysisRunner has terminated.
Mono: successfully reloaded assembly
- Completed reload, in  1.289 seconds
Platform modules already initialized, skipping
Refreshing native plugins compatible for Editor in 0.74 ms, found 1 plugins.
Preloading 0 native plugins for Editor in 0.00 ms.
Unloading 1904 Unused Serialized files (Serialized files now loaded: 0)
System memory in use before: 87.4 MB.
System memory in use after: 87.5 MB.

Unloading 21 unused Assets to reduce memory usage. Loaded Objects now: 2366.
Total: 3.057300 ms (FindLiveObjects: 0.343600 ms CreateObjectMapping: 0.069800 ms MarkObjects: 2.608700 ms  DeleteObjects: 0.032500 ms)

========================================================================
Received Import Request.
  Time since last request: 46.363025 seconds.
  path: Assets/Source/dependent/GameInfo.cs
  artifactKey: Guid(4fcb8ffaad10db34e852098db84a6ca9) Importer(815301076,1909f56bfc062723c751e8b465ee728b)
Start importing Assets/Source/dependent/GameInfo.cs using Guid(4fcb8ffaad10db34e852098db84a6ca9) Importer(815301076,1909f56bfc062723c751e8b465ee728b)  -> (artifact id: 'eba2a92ac6172435757ce72eb6c06f0e') in 0.008177 seconds
  Import took 0.285628 seconds .

========================================================================
Received Prepare
Registering precompiled user dll's ...
Registered in 0.002052 seconds.
Begin MonoManager ReloadAssembly
Native extension for WindowsStandalone target not found
Refreshing native plugins compatible for Editor in 0.62 ms, found 1 plugins.
Preloading 0 native plugins for Editor in 0.00 ms.
Invoked RoslynAnalysisRunner static constructor.
RoslynAnalysisRunner will not be running.
RoslynAnalysisRunner has terminated.
Mono: successfully reloaded assembly
- Completed reload, in  1.268 seconds
Platform modules already initialized, skipping
Refreshing native plugins compatible for Editor in 0.60 ms, found 1 plugins.
Preloading 0 native plugins for Editor in 0.00 ms.
Unloading 1904 Unused Serialized files (Serialized files now loaded: 0)
System memory in use before: 87.4 MB.
System memory in use after: 87.5 MB.

Unloading 21 unused Assets to reduce memory usage. Loaded Objects now: 2369.
Total: 3.200400 ms (FindLiveObjects: 0.358300 ms CreateObjectMapping: 0.109300 ms MarkObjects: 2.691500 ms  DeleteObjects: 0.039500 ms)

========================================================================
Received Prepare
Registering precompiled user dll's ...
Registered in 0.002244 seconds.
Begin MonoManager ReloadAssembly
Native extension for WindowsStandalone target not found
Refreshing native plugins compatible for Editor in 0.59 ms, found 1 plugins.
Preloading 0 native plugins for Editor in 0.00 ms.
Invoked RoslynAnalysisRunner static constructor.
RoslynAnalysisRunner will not be running.
RoslynAnalysisRunner has terminated.
Mono: successfully reloaded assembly
- Completed reload, in  1.281 seconds
Platform modules already initialized, skipping
Refreshing native plugins compatible for Editor in 0.75 ms, found 1 plugins.
Preloading 0 native plugins for Editor in 0.00 ms.
Unloading 1904 Unused Serialized files (Serialized files now loaded: 0)
System memory in use before: 87.4 MB.
System memory in use after: 87.6 MB.

Unloading 21 unused Assets to reduce memory usage. Loaded Objects now: 2372.
Total: 3.844400 ms (FindLiveObjects: 0.609200 ms CreateObjectMapping: 0.090300 ms MarkObjects: 3.105700 ms  DeleteObjects: 0.036900 ms)

========================================================================
Received Prepare
Registering precompiled user dll's ...
Registered in 0.001641 seconds.
Begin MonoManager ReloadAssembly
Native extension for WindowsStandalone target not found
Refreshing native plugins compatible for Editor in 0.66 ms, found 1 plugins.
Preloading 0 native plugins for Editor in 0.00 ms.
Invoked RoslynAnalysisRunner static constructor.
RoslynAnalysisRunner will not be running.
RoslynAnalysisRunner has terminated.
Mono: successfully reloaded assembly
- Completed reload, in  1.308 seconds
Platform modules already initialized, skipping
Refreshing native plugins compatible for Editor in 0.59 ms, found 1 plugins.
Preloading 0 native plugins for Editor in 0.00 ms.
Unloading 1904 Unused Serialized files (Serialized files now loaded: 0)
System memory in use before: 87.5 MB.
System memory in use after: 87.6 MB.

Unloading 21 unused Assets to reduce memory usage. Loaded Objects now: 2375.
Total: 2.964300 ms (FindLiveObjects: 0.474200 ms CreateObjectMapping: 0.147900 ms MarkObjects: 2.310200 ms  DeleteObjects: 0.030200 ms)

========================================================================
Received Prepare
Registering precompiled user dll's ...
Registered in 0.002148 seconds.
Begin MonoManager ReloadAssembly
Native extension for WindowsStandalone target not found
Refreshing native plugins compatible for Editor in 0.79 ms, found 1 plugins.
Preloading 0 native plugins for Editor in 0.00 ms.
Invoked RoslynAnalysisRunner static constructor.
RoslynAnalysisRunner will not be running.
RoslynAnalysisRunner has terminated.
Mono: successfully reloaded assembly
- Completed reload, in  1.299 seconds
Platform modules already initialized, skipping
Refreshing native plugins compatible for Editor in 0.68 ms, found 1 plugins.
Preloading 0 native plugins for Editor in 0.00 ms.
Unloading 1904 Unused Serialized files (Serialized files now loaded: 0)
System memory in use before: 87.5 MB.
System memory in use after: 87.6 MB.

Unloading 21 unused Assets to reduce memory usage. Loaded Objects now: 2378.
Total: 2.971500 ms (FindLiveObjects: 0.318300 ms CreateObjectMapping: 0.090100 ms MarkObjects: 2.529400 ms  DeleteObjects: 0.032200 ms)

========================================================================
Received Import Request.
  Time since last request: 475.361930 seconds.
  path: Assets/Source/dependent/GameInfo.cs
  artifactKey: Guid(4fcb8ffaad10db34e852098db84a6ca9) Importer(815301076,1909f56bfc062723c751e8b465ee728b)
Start importing Assets/Source/dependent/GameInfo.cs using Guid(4fcb8ffaad10db34e852098db84a6ca9) Importer(815301076,1909f56bfc062723c751e8b465ee728b)  -> (artifact id: '6643db6cb9978cdcbe01e83c4dc97974') in 0.008692 seconds
  Import took 0.131980 seconds .

========================================================================
Received Import Request.
  Time since last request: 0.015122 seconds.
  path: Assets/Source/dependent/GameInfo.cs
  artifactKey: Guid(4fcb8ffaad10db34e852098db84a6ca9) Importer(815301076,1909f56bfc062723c751e8b465ee728b)
Start importing Assets/Source/dependent/GameInfo.cs using Guid(4fcb8ffaad10db34e852098db84a6ca9) Importer(815301076,1909f56bfc062723c751e8b465ee728b)  -> (artifact id: '6643db6cb9978cdcbe01e83c4dc97974') in 0.004709 seconds
  Import took 0.011222 seconds .

========================================================================
Received Prepare
Registering precompiled user dll's ...
Registered in 0.001695 seconds.
Begin MonoManager ReloadAssembly
Native extension for WindowsStandalone target not found
Refreshing native plugins compatible for Editor in 0.84 ms, found 1 plugins.
Preloading 0 native plugins for Editor in 0.00 ms.
Invoked RoslynAnalysisRunner static constructor.
RoslynAnalysisRunner will not be running.
RoslynAnalysisRunner has terminated.
Mono: successfully reloaded assembly
- Completed reload, in  1.386 seconds
Platform modules already initialized, skipping
Refreshing native plugins compatible for Editor in 0.59 ms, found 1 plugins.
Preloading 0 native plugins for Editor in 0.00 ms.
Unloading 1904 Unused Serialized files (Serialized files now loaded: 0)
System memory in use before: 87.5 MB.
System memory in use after: 87.6 MB.

Unloading 21 unused Assets to reduce memory usage. Loaded Objects now: 2381.
Total: 2.805800 ms (FindLiveObjects: 0.385300 ms CreateObjectMapping: 0.142000 ms MarkObjects: 2.237700 ms  DeleteObjects: 0.039100 ms)

========================================================================
Received Import Request.
  Time since last request: 115.367035 seconds.
  path: Assets/Prefabs/SquarePrefab.prefab
  artifactKey: Guid(ae26bef54bc2ea8428d5c42228acb62d) Importer(815301076,1909f56bfc062723c751e8b465ee728b)
Start importing Assets/Prefabs/SquarePrefab.prefab using Guid(ae26bef54bc2ea8428d5c42228acb62d) Importer(815301076,1909f56bfc062723c751e8b465ee728b)  -> (artifact id: '0c8eb57b04d29edf04d8679945691535') in 0.499622 seconds
  Import took 0.519615 seconds .

========================================================================
Received Prepare
Registering precompiled user dll's ...
Registered in 0.001845 seconds.
Begin MonoManager ReloadAssembly
Native extension for WindowsStandalone target not found
Refreshing native plugins compatible for Editor in 0.75 ms, found 1 plugins.
Preloading 0 native plugins for Editor in 0.00 ms.
Invoked RoslynAnalysisRunner static constructor.
RoslynAnalysisRunner will not be running.
RoslynAnalysisRunner has terminated.
Mono: successfully reloaded assembly
- Completed reload, in  1.437 seconds
Platform modules already initialized, skipping
Refreshing native plugins compatible for Editor in 0.92 ms, found 1 plugins.
Preloading 0 native plugins for Editor in 0.00 ms.
Unloading 1904 Unused Serialized files (Serialized files now loaded: 0)
System memory in use before: 90.6 MB.
System memory in use after: 90.7 MB.

Unloading 21 unused Assets to reduce memory usage. Loaded Objects now: 2391.
Total: 3.956200 ms (FindLiveObjects: 0.361800 ms CreateObjectMapping: 0.149100 ms MarkObjects: 3.395700 ms  DeleteObjects: 0.046900 ms)

========================================================================
Received Import Request.
  Time since last request: 14.957171 seconds.
  path: Assets/Prefabs/SquarePrefab.prefab
  artifactKey: Guid(ae26bef54bc2ea8428d5c42228acb62d) Importer(815301076,1909f56bfc062723c751e8b465ee728b)
Start importing Assets/Prefabs/SquarePrefab.prefab using Guid(ae26bef54bc2ea8428d5c42228acb62d) Importer(815301076,1909f56bfc062723c751e8b465ee728b)  -> (artifact id: 'fa23f8ba7b244342461ed22632bdbeef') in 0.091773 seconds
  Import took 0.217435 seconds .

========================================================================
Received Prepare
Registering precompiled user dll's ...
Registered in 0.001700 seconds.
Begin MonoManager ReloadAssembly
Native extension for WindowsStandalone target not found
Refreshing native plugins compatible for Editor in 0.64 ms, found 1 plugins.
Preloading 0 native plugins for Editor in 0.00 ms.
Invoked RoslynAnalysisRunner static constructor.
RoslynAnalysisRunner will not be running.
RoslynAnalysisRunner has terminated.
Mono: successfully reloaded assembly
- Completed reload, in  1.382 seconds
Platform modules already initialized, skipping
Refreshing native plugins compatible for Editor in 0.88 ms, found 1 plugins.
Preloading 0 native plugins for Editor in 0.00 ms.
Unloading 1904 Unused Serialized files (Serialized files now loaded: 0)
System memory in use before: 90.6 MB.
System memory in use after: 90.7 MB.

Unloading 21 unused Assets to reduce memory usage. Loaded Objects now: 2395.
Total: 3.276600 ms (FindLiveObjects: 0.555800 ms CreateObjectMapping: 0.319000 ms MarkObjects: 2.371200 ms  DeleteObjects: 0.029100 ms)

========================================================================
Received Import Request.
  Time since last request: 77.803453 seconds.
  path: Assets/Prefabs/SquarePointPrefab.prefab
  artifactKey: Guid(cc832403551497d43bdb0a194b41f036) Importer(815301076,1909f56bfc062723c751e8b465ee728b)
Start importing Assets/Prefabs/SquarePointPrefab.prefab using Guid(cc832403551497d43bdb0a194b41f036) Importer(815301076,1909f56bfc062723c751e8b465ee728b)  -> (artifact id: 'eae99a74a4eb6b2486a5ee6e35c45d79') in 0.102746 seconds
  Import took 0.120783 seconds .

========================================================================
Received Prepare
Registering precompiled user dll's ...
Registered in 0.001616 seconds.
Begin MonoManager ReloadAssembly
Native extension for WindowsStandalone target not found
Refreshing native plugins compatible for Editor in 0.67 ms, found 1 plugins.
Preloading 0 native plugins for Editor in 0.00 ms.
Invoked RoslynAnalysisRunner static constructor.
RoslynAnalysisRunner will not be running.
RoslynAnalysisRunner has terminated.
Mono: successfully reloaded assembly
- Completed reload, in  1.498 seconds
Platform modules already initialized, skipping
Refreshing native plugins compatible for Editor in 0.86 ms, found 1 plugins.
Preloading 0 native plugins for Editor in 0.00 ms.
Unloading 1904 Unused Serialized files (Serialized files now loaded: 0)
System memory in use before: 90.6 MB.
System memory in use after: 90.7 MB.

Unloading 21 unused Assets to reduce memory usage. Loaded Objects now: 2399.
Total: 4.866000 ms (FindLiveObjects: 0.967500 ms CreateObjectMapping: 0.353200 ms MarkObjects: 3.517100 ms  DeleteObjects: 0.026600 ms)

========================================================================
Received Prepare
Refreshing native plugins compatible for Editor in 4.97 ms, found 1 plugins.
Preloading 0 native plugins for Editor in 0.00 ms.
Unloading 19 Unused Serialized files (Serialized files now loaded: 0)
System memory in use before: 53.4 MB.
System memory in use after: 53.5 MB.

Unloading 19 unused Assets to reduce memory usage. Loaded Objects now: 2399.
Total: 4.386100 ms (FindLiveObjects: 0.503500 ms CreateObjectMapping: 0.213200 ms MarkObjects: 3.637100 ms  DeleteObjects: 0.030600 ms)

========================================================================
Received Prepare
Registering precompiled user dll's ...
Registered in 0.001898 seconds.
Begin MonoManager ReloadAssembly
Native extension for WindowsStandalone target not found
Refreshing native plugins compatible for Editor in 1.18 ms, found 1 plugins.
Preloading 0 native plugins for Editor in 0.00 ms.
Invoked RoslynAnalysisRunner static constructor.
RoslynAnalysisRunner will not be running.
RoslynAnalysisRunner has terminated.
Mono: successfully reloaded assembly
- Completed reload, in  2.603 seconds
Platform modules already initialized, skipping
Switching build target platform(5) subTarget(0) extendedPlatform(0) -> platform(13) subTarget(537395200) extendedPlatform(0)
Refreshing native plugins compatible for Editor in 2.01 ms, found 1 plugins.
Preloading 0 native plugins for Editor in 0.00 ms.
Unloading 1908 Unused Serialized files (Serialized files now loaded: 0)
System memory in use before: 90.6 MB.
System memory in use after: 90.7 MB.

Unloading 21 unused Assets to reduce memory usage. Loaded Objects now: 2402.
Total: 10.908100 ms (FindLiveObjects: 0.543300 ms CreateObjectMapping: 1.302100 ms MarkObjects: 9.017400 ms  DeleteObjects: 0.043100 ms)

AssetImportParameters requested are different than current active one (requested -> active):
  custom:graphics/normal-map-encoding: 01000000000000000000000000000000 -> 02000000000000000000000000000000
========================================================================
Received Prepare
Refreshing native plugins compatible for Editor in 13.77 ms, found 1 plugins.
Preloading 0 native plugins for Editor in 0.00 ms.
Unloading 19 Unused Serialized files (Serialized files now loaded: 0)
System memory in use before: 53.3 MB.
System memory in use after: 53.4 MB.

Unloading 19 unused Assets to reduce memory usage. Loaded Objects now: 2402.
Total: 6.988800 ms (FindLiveObjects: 0.618800 ms CreateObjectMapping: 0.249300 ms MarkObjects: 6.039500 ms  DeleteObjects: 0.077300 ms)

========================================================================
Received Import Request.
  Time since last request: 465.281262 seconds.
  path: Assets/Texture/WhiteKing.png
  artifactKey: Guid(261b928a10e7ae7419c77bb03599adfb) Importer(815301076,1909f56bfc062723c751e8b465ee728b)
Start importing Assets/Texture/WhiteKing.png using Guid(261b928a10e7ae7419c77bb03599adfb) Importer(815301076,1909f56bfc062723c751e8b465ee728b)  -> (artifact id: 'e7b7ad60711a861e8e2c1a5d11a7b47d') in 0.560947 seconds
  Import took 0.568170 seconds .

========================================================================
Received Import Request.
  Time since last request: 0.000488 seconds.
  path: Assets/Texture/BlackRook.png
  artifactKey: Guid(9b3a9cb743213744ea86f2a725d3111b) Importer(815301076,1909f56bfc062723c751e8b465ee728b)
Start importing Assets/Texture/BlackRook.png using Guid(9b3a9cb743213744ea86f2a725d3111b) Importer(815301076,1909f56bfc062723c751e8b465ee728b)  -> (artifact id: 'a4865af542290c129893d89d0ae83b98') in 0.047850 seconds
  Import took 0.057187 seconds .

========================================================================
Received Import Request.
  Time since last request: 0.000103 seconds.
  path: Assets/Texture/BlackKing.png
  artifactKey: Guid(d38196c565fbb0147b793cbd1f34298f) Importer(815301076,1909f56bfc062723c751e8b465ee728b)
Start importing Assets/Texture/BlackKing.png using Guid(d38196c565fbb0147b793cbd1f34298f) Importer(815301076,1909f56bfc062723c751e8b465ee728b)  -> (artifact id: 'c08521b406645eb7ee402dfbba2be9bd') in 0.057931 seconds
  Import took 0.089320 seconds .

========================================================================
Received Import Request.
  Time since last request: 0.001664 seconds.
  path: Assets/Texture/WhiteKnight.png
  artifactKey: Guid(58d36bacabd084a4b896d73b38442f7e) Importer(815301076,1909f56bfc062723c751e8b465ee728b)
Start importing Assets/Texture/WhiteKnight.png using Guid(58d36bacabd084a4b896d73b38442f7e) Importer(815301076,1909f56bfc062723c751e8b465ee728b)  -> (artifact id: 'df24892987dc54dfcfa312dd0336e8c5') in 0.031444 seconds
  Import took 0.039620 seconds .

========================================================================
Received Import Request.
  Time since last request: 0.001865 seconds.
  path: Assets/Texture/WhiteBishop.png
  artifactKey: Guid(b609933f4fa890046ab137381a510c37) Importer(815301076,1909f56bfc062723c751e8b465ee728b)
Start importing Assets/Texture/WhiteBishop.png using Guid(b609933f4fa890046ab137381a510c37) Importer(815301076,1909f56bfc062723c751e8b465ee728b)  -> (artifact id: 'c500963a2b9dec210db21627a198fdf2') in 0.056773 seconds
  Import took 0.073160 seconds .

========================================================================
Received Import Request.
  Time since last request: 0.005428 seconds.
  path: Assets/Texture/BlackQueen.png
  artifactKey: Guid(e16d18b06fc38364eaf934e18957c5ae) Importer(815301076,1909f56bfc062723c751e8b465ee728b)
Start importing Assets/Texture/BlackQueen.png using Guid(e16d18b06fc38364eaf934e18957c5ae) Importer(815301076,1909f56bfc062723c751e8b465ee728b)  -> (artifact id: '1b7fd06b477d3d468d6107f6833aa4bc') in 0.065362 seconds
  Import took 0.090957 seconds .

========================================================================
Received Import Request.
  Time since last request: 0.000385 seconds.
  path: Assets/Texture/Square.png
  artifactKey: Guid(4d0a137605966124295ef830b098c446) Importer(815301076,1909f56bfc062723c751e8b465ee728b)
Start importing Assets/Texture/Square.png using Guid(4d0a137605966124295ef830b098c446) Importer(815301076,1909f56bfc062723c751e8b465ee728b)  -> (artifact id: 'dae3d7c922c3460ebf1becf58322ca5e') in 0.060687 seconds
  Import took 0.066568 seconds .

========================================================================
Received Import Request.
  Time since last request: 0.000382 seconds.
  path: Assets/Texture/BlackPawn.png
  artifactKey: Guid(97686d642558d794aa38ae5caf745400) Importer(815301076,1909f56bfc062723c751e8b465ee728b)
Start importing Assets/Texture/BlackPawn.png using Guid(97686d642558d794aa38ae5caf745400) Importer(815301076,1909f56bfc062723c751e8b465ee728b)  -> (artifact id: '6a3684040e06a4e090f845a28b2a025e') in 0.059098 seconds
  Import took 0.102300 seconds .

========================================================================
Received Import Request.
  Time since last request: 0.000356 seconds.
  path: Assets/Texture/BlackBishop.png
  artifactKey: Guid(aca73fa3701b7c843b067ed87f31d848) Importer(815301076,1909f56bfc062723c751e8b465ee728b)
Start importing Assets/Texture/BlackBishop.png using Guid(aca73fa3701b7c843b067ed87f31d848) Importer(815301076,1909f56bfc062723c751e8b465ee728b)  -> (artifact id: '49b1b4a858d9eea3a735f56a29c9dafe') in 0.048700 seconds
  Import took 0.059251 seconds .

========================================================================
Received Import Request.
  Time since last request: 0.000456 seconds.
  path: Assets/Texture/WhiteRook.png
  artifactKey: Guid(49dfa41a0cf381d42ab63e8d8f7d568a) Importer(815301076,1909f56bfc062723c751e8b465ee728b)
Start importing Assets/Texture/WhiteRook.png using Guid(49dfa41a0cf381d42ab63e8d8f7d568a) Importer(815301076,1909f56bfc062723c751e8b465ee728b)  -> (artifact id: 'a362ef54787474b9f5f6f09f00679c7a') in 0.051959 seconds
  Import took 0.057228 seconds .

========================================================================
Received Import Request.
  Time since last request: 0.000371 seconds.
  path: Assets/Texture/WhitePawn.png
  artifactKey: Guid(be47b1392675d0949a18afc250142e18) Importer(815301076,1909f56bfc062723c751e8b465ee728b)
Start importing Assets/Texture/WhitePawn.png using Guid(be47b1392675d0949a18afc250142e18) Importer(815301076,1909f56bfc062723c751e8b465ee728b)  -> (artifact id: 'c1d28dfce8f50d451b21cefea5d736aa') in 0.056516 seconds
  Import took 0.074414 seconds .

========================================================================
Received Import Request.
  Time since last request: 0.000351 seconds.
  path: Assets/Texture/WhiteQueen.png
  artifactKey: Guid(a4639007386a30944bc371b36f62e61f) Importer(815301076,1909f56bfc062723c751e8b465ee728b)
Start importing Assets/Texture/WhiteQueen.png using Guid(a4639007386a30944bc371b36f62e61f) Importer(815301076,1909f56bfc062723c751e8b465ee728b)  -> (artifact id: '329bb2a880674446b2732fac727801dc') in 0.049345 seconds
  Import took 0.055454 seconds .

========================================================================
Received Import Request.
  Time since last request: 0.000365 seconds.
  path: Assets/Texture/BlackKnight.png
  artifactKey: Guid(6d4146231242e874583a2983966b7455) Importer(815301076,1909f56bfc062723c751e8b465ee728b)
Start importing Assets/Texture/BlackKnight.png using Guid(6d4146231242e874583a2983966b7455) Importer(815301076,1909f56bfc062723c751e8b465ee728b)  -> (artifact id: 'bcd8dcb065db93b9a7a3624ec1d32792') in 0.050077 seconds
  Import took 0.055770 seconds .

========================================================================
Received Prepare
Refreshing native plugins compatible for Editor in 5.01 ms, found 1 plugins.
Preloading 0 native plugins for Editor in 0.00 ms.
Unloading 19 Unused Serialized files (Serialized files now loaded: 0)
System memory in use before: 53.5 MB.
System memory in use after: 53.6 MB.

Unloading 19 unused Assets to reduce memory usage. Loaded Objects now: 2407.
Total: 4.456500 ms (FindLiveObjects: 0.329900 ms CreateObjectMapping: 0.060100 ms MarkObjects: 4.035000 ms  DeleteObjects: 0.029800 ms)

========================================================================
Received Prepare
Registering precompiled user dll's ...
Registered in 0.001762 seconds.
Begin MonoManager ReloadAssembly
Native extension for WindowsStandalone target not found
Refreshing native plugins compatible for Editor in 0.75 ms, found 1 plugins.
Preloading 0 native plugins for Editor in 0.00 ms.
Invoked RoslynAnalysisRunner static constructor.
RoslynAnalysisRunner will not be running.
RoslynAnalysisRunner has terminated.
Mono: successfully reloaded assembly
- Completed reload, in  1.619 seconds
Platform modules already initialized, skipping
Refreshing native plugins compatible for Editor in 0.97 ms, found 1 plugins.
Preloading 0 native plugins for Editor in 0.00 ms.
Unloading 1904 Unused Serialized files (Serialized files now loaded: 0)
System memory in use before: 90.7 MB.
System memory in use after: 90.8 MB.

Unloading 21 unused Assets to reduce memory usage. Loaded Objects now: 2410.
Total: 5.004300 ms (FindLiveObjects: 0.700200 ms CreateObjectMapping: 0.197700 ms MarkObjects: 4.059500 ms  DeleteObjects: 0.043300 ms)

========================================================================
Received Prepare
Refreshing native plugins compatible for Editor in 29.48 ms, found 1 plugins.
Preloading 0 native plugins for Editor in 0.00 ms.
Unloading 19 Unused Serialized files (Serialized files now loaded: 0)
System memory in use before: 53.4 MB.
System memory in use after: 53.5 MB.

Unloading 19 unused Assets to reduce memory usage. Loaded Objects now: 2410.
Total: 4.296600 ms (FindLiveObjects: 0.433200 ms CreateObjectMapping: 0.290900 ms MarkObjects: 3.542700 ms  DeleteObjects: 0.027400 ms)

========================================================================
Received Prepare
Registering precompiled user dll's ...
Registered in 0.002207 seconds.
Begin MonoManager ReloadAssembly
Native extension for WindowsStandalone target not found
Refreshing native plugins compatible for Editor in 1.08 ms, found 1 plugins.
Preloading 0 native plugins for Editor in 0.00 ms.
Invoked RoslynAnalysisRunner static constructor.
RoslynAnalysisRunner will not be running.
RoslynAnalysisRunner has terminated.
Mono: successfully reloaded assembly
- Completed reload, in  1.707 seconds
Platform modules already initialized, skipping
Switching build target platform(5) subTarget(0) extendedPlatform(0) -> platform(13) subTarget(537395200) extendedPlatform(0)
Refreshing native plugins compatible for Editor in 1.45 ms, found 1 plugins.
Preloading 0 native plugins for Editor in 0.00 ms.
Unloading 1908 Unused Serialized files (Serialized files now loaded: 0)
System memory in use before: 90.6 MB.
System memory in use after: 90.7 MB.

Unloading 21 unused Assets to reduce memory usage. Loaded Objects now: 2413.
Total: 17.857000 ms (FindLiveObjects: 0.657600 ms CreateObjectMapping: 0.249600 ms MarkObjects: 16.650800 ms  DeleteObjects: 0.295200 ms)

AssetImportParameters requested are different than current active one (requested -> active):
  custom:graphics/normal-map-encoding: 01000000000000000000000000000000 -> 02000000000000000000000000000000
========================================================================
Received Prepare
Refreshing native plugins compatible for Editor in 49.37 ms, found 1 plugins.
Preloading 0 native plugins for Editor in 0.00 ms.
Unloading 19 Unused Serialized files (Serialized files now loaded: 0)
System memory in use before: 53.4 MB.
System memory in use after: 53.5 MB.

Unloading 19 unused Assets to reduce memory usage. Loaded Objects now: 2413.
Total: 6.593200 ms (FindLiveObjects: 0.701300 ms CreateObjectMapping: 0.288800 ms MarkObjects: 5.557200 ms  DeleteObjects: 0.041500 ms)

========================================================================
Received Import Request.
  Time since last request: 527.971204 seconds.
  path: Assets/Editor/com.unity.mobile.notifications
  artifactKey: Guid(8d94ea3741ad8d344a76cca0aa62f67e) Importer(815301076,1909f56bfc062723c751e8b465ee728b)
Start importing Assets/Editor/com.unity.mobile.notifications using Guid(8d94ea3741ad8d344a76cca0aa62f67e) Importer(815301076,1909f56bfc062723c751e8b465ee728b)  -> (artifact id: 'd3db7e48ea48a5d7a199a2f24997d94a') in 0.075499 seconds
  Import took 0.080728 seconds .

========================================================================
Received Import Request.
  Time since last request: 0.040593 seconds.
  path: Assets/Editor/com.unity.mobile.notifications/NotificationSettings.asset
  artifactKey: Guid(4cee8bca36f2ab74b8feb832747fa6f4) Importer(815301076,1909f56bfc062723c751e8b465ee728b)
Start importing Assets/Editor/com.unity.mobile.notifications/NotificationSettings.asset using Guid(4cee8bca36f2ab74b8feb832747fa6f4) Importer(815301076,1909f56bfc062723c751e8b465ee728b)  -> (artifact id: '509a1eb563d7a1f509da95eef6a8e3af') in 0.065800 seconds
  Import took 0.080345 seconds .

========================================================================
Received Prepare
Registering precompiled user dll's ...
Registered in 0.002102 seconds.
Begin MonoManager ReloadAssembly
Native extension for WindowsStandalone target not found
Refreshing native plugins compatible for Editor in 0.76 ms, found 1 plugins.
Preloading 0 native plugins for Editor in 0.00 ms.
Invoked RoslynAnalysisRunner static constructor.
RoslynAnalysisRunner will not be running.
RoslynAnalysisRunner has terminated.
Mono: successfully reloaded assembly
- Completed reload, in  1.476 seconds
Platform modules already initialized, skipping
Switching build target platform(5) subTarget(0) extendedPlatform(0) -> platform(13) subTarget(537395200) extendedPlatform(0)
Refreshing native plugins compatible for Editor in 0.66 ms, found 1 plugins.
Preloading 0 native plugins for Editor in 0.00 ms.
Unloading 1908 Unused Serialized files (Serialized files now loaded: 0)
System memory in use before: 90.6 MB.
System memory in use after: 90.8 MB.

Unloading 21 unused Assets to reduce memory usage. Loaded Objects now: 2416.
Total: 3.371100 ms (FindLiveObjects: 0.321800 ms CreateObjectMapping: 0.069200 ms MarkObjects: 2.947100 ms  DeleteObjects: 0.031200 ms)

AssetImportParameters requested are different than current active one (requested -> active):
  custom:graphics/normal-map-encoding: 01000000000000000000000000000000 -> 02000000000000000000000000000000
========================================================================
Received Prepare
Registering precompiled user dll's ...
Registered in 0.001660 seconds.
Begin MonoManager ReloadAssembly
Native extension for WindowsStandalone target not found
Refreshing native plugins compatible for Editor in 1.05 ms, found 1 plugins.
Preloading 0 native plugins for Editor in 0.00 ms.
Invoked RoslynAnalysisRunner static constructor.
RoslynAnalysisRunner will not be running.
RoslynAnalysisRunner has terminated.
Mono: successfully reloaded assembly
- Completed reload, in  1.523 seconds
Platform modules already initialized, skipping
Switching build target platform(5) subTarget(0) extendedPlatform(0) -> platform(13) subTarget(537395200) extendedPlatform(0)
Refreshing native plugins compatible for Editor in 0.65 ms, found 1 plugins.
Preloading 0 native plugins for Editor in 0.00 ms.
Unloading 1908 Unused Serialized files (Serialized files now loaded: 0)
System memory in use before: 90.7 MB.
System memory in use after: 90.8 MB.

Unloading 21 unused Assets to reduce memory usage. Loaded Objects now: 2419.
Total: 3.177600 ms (FindLiveObjects: 0.505800 ms CreateObjectMapping: 0.151200 ms MarkObjects: 2.488500 ms  DeleteObjects: 0.029500 ms)

AssetImportParameters requested are different than current active one (requested -> active):
  custom:graphics/normal-map-encoding: 01000000000000000000000000000000 -> 02000000000000000000000000000000
========================================================================
Received Prepare
Registering precompiled user dll's ...
Registered in 0.001874 seconds.
Begin MonoManager ReloadAssembly
Native extension for WindowsStandalone target not found
Refreshing native plugins compatible for Editor in 0.68 ms, found 1 plugins.
Preloading 0 native plugins for Editor in 0.00 ms.
Invoked RoslynAnalysisRunner static constructor.
RoslynAnalysisRunner will not be running.
RoslynAnalysisRunner has terminated.
Mono: successfully reloaded assembly
- Completed reload, in  1.489 seconds
Platform modules already initialized, skipping
Switching build target platform(5) subTarget(0) extendedPlatform(0) -> platform(13) subTarget(537395200) extendedPlatform(0)
Refreshing native plugins compatible for Editor in 0.75 ms, found 1 plugins.
Preloading 0 native plugins for Editor in 0.00 ms.
Unloading 1908 Unused Serialized files (Serialized files now loaded: 0)
System memory in use before: 90.7 MB.
System memory in use after: 90.8 MB.

Unloading 21 unused Assets to reduce memory usage. Loaded Objects now: 2422.
Total: 3.075200 ms (FindLiveObjects: 0.297400 ms CreateObjectMapping: 0.061900 ms MarkObjects: 2.683700 ms  DeleteObjects: 0.029600 ms)

AssetImportParameters requested are different than current active one (requested -> active):
  custom:graphics/normal-map-encoding: 01000000000000000000000000000000 -> 02000000000000000000000000000000
========================================================================
Received Prepare
Registering precompiled user dll's ...
Registered in 0.001826 seconds.
Begin MonoManager ReloadAssembly
Native extension for WindowsStandalone target not found
Refreshing native plugins compatible for Editor in 1.35 ms, found 1 plugins.
Preloading 0 native plugins for Editor in 0.00 ms.
Invoked RoslynAnalysisRunner static constructor.
RoslynAnalysisRunner will not be running.
RoslynAnalysisRunner has terminated.
Mono: successfully reloaded assembly
- Completed reload, in  1.640 seconds
Platform modules already initialized, skipping
Switching build target platform(5) subTarget(0) extendedPlatform(0) -> platform(13) subTarget(537395200) extendedPlatform(0)
Refreshing native plugins compatible for Editor in 0.85 ms, found 1 plugins.
Preloading 0 native plugins for Editor in 0.00 ms.
Unloading 1908 Unused Serialized files (Serialized files now loaded: 0)
System memory in use before: 90.7 MB.
System memory in use after: 90.8 MB.

Unloading 21 unused Assets to reduce memory usage. Loaded Objects now: 2425.
Total: 4.493500 ms (FindLiveObjects: 0.412300 ms CreateObjectMapping: 0.135400 ms MarkObjects: 3.908600 ms  DeleteObjects: 0.035300 ms)

AssetImportParameters requested are different than current active one (requested -> active):
  custom:graphics/normal-map-encoding: 01000000000000000000000000000000 -> 02000000000000000000000000000000
========================================================================
Received Prepare
Registering precompiled user dll's ...
Registered in 0.001841 seconds.
Begin MonoManager ReloadAssembly
Native extension for WindowsStandalone target not found
Refreshing native plugins compatible for Editor in 0.57 ms, found 1 plugins.
Preloading 0 native plugins for Editor in 0.00 ms.
Invoked RoslynAnalysisRunner static constructor.
RoslynAnalysisRunner will not be running.
RoslynAnalysisRunner has terminated.
Mono: successfully reloaded assembly
- Completed reload, in  1.634 seconds
Platform modules already initialized, skipping
Switching build target platform(5) subTarget(0) extendedPlatform(0) -> platform(13) subTarget(537395200) extendedPlatform(0)
Refreshing native plugins compatible for Editor in 0.63 ms, found 1 plugins.
Preloading 0 native plugins for Editor in 0.00 ms.
Unloading 1908 Unused Serialized files (Serialized files now loaded: 0)
System memory in use before: 90.7 MB.
System memory in use after: 90.8 MB.

Unloading 21 unused Assets to reduce memory usage. Loaded Objects now: 2428.
Total: 4.481500 ms (FindLiveObjects: 0.541400 ms CreateObjectMapping: 0.226900 ms MarkObjects: 3.686200 ms  DeleteObjects: 0.024300 ms)

AssetImportParameters requested are different than current active one (requested -> active):
  custom:graphics/normal-map-encoding: 01000000000000000000000000000000 -> 02000000000000000000000000000000
========================================================================
Received Prepare
Registering precompiled user dll's ...
Registered in 0.001760 seconds.
Begin MonoManager ReloadAssembly
Native extension for WindowsStandalone target not found
Refreshing native plugins compatible for Editor in 0.76 ms, found 1 plugins.
Preloading 0 native plugins for Editor in 0.00 ms.
Invoked RoslynAnalysisRunner static constructor.
RoslynAnalysisRunner will not be running.
RoslynAnalysisRunner has terminated.
Mono: successfully reloaded assembly
- Completed reload, in  1.366 seconds
Platform modules already initialized, skipping
Switching build target platform(5) subTarget(0) extendedPlatform(0) -> platform(13) subTarget(537395200) extendedPlatform(0)
Refreshing native plugins compatible for Editor in 0.62 ms, found 1 plugins.
Preloading 0 native plugins for Editor in 0.00 ms.
Unloading 1908 Unused Serialized files (Serialized files now loaded: 0)
System memory in use before: 90.7 MB.
System memory in use after: 90.8 MB.

Unloading 21 unused Assets to reduce memory usage. Loaded Objects now: 2431.
Total: 3.954100 ms (FindLiveObjects: 0.469800 ms CreateObjectMapping: 0.150400 ms MarkObjects: 3.300000 ms  DeleteObjects: 0.032100 ms)

AssetImportParameters requested are different than current active one (requested -> active):
  custom:graphics/normal-map-encoding: 01000000000000000000000000000000 -> 02000000000000000000000000000000
========================================================================
Received Prepare
Registering precompiled user dll's ...
Registered in 0.001570 seconds.
Begin MonoManager ReloadAssembly
Native extension for WindowsStandalone target not found
Refreshing native plugins compatible for Editor in 0.90 ms, found 1 plugins.
Preloading 0 native plugins for Editor in 0.00 ms.
Invoked RoslynAnalysisRunner static constructor.
RoslynAnalysisRunner will not be running.
RoslynAnalysisRunner has terminated.
Mono: successfully reloaded assembly
- Completed reload, in  1.517 seconds
Platform modules already initialized, skipping
Switching build target platform(5) subTarget(0) extendedPlatform(0) -> platform(13) subTarget(537395200) extendedPlatform(0)
Refreshing native plugins compatible for Editor in 0.60 ms, found 1 plugins.
Preloading 0 native plugins for Editor in 0.00 ms.
Unloading 1908 Unused Serialized files (Serialized files now loaded: 0)
System memory in use before: 90.7 MB.
System memory in use after: 90.8 MB.

Unloading 21 unused Assets to reduce memory usage. Loaded Objects now: 2434.
Total: 3.688800 ms (FindLiveObjects: 0.460700 ms CreateObjectMapping: 0.082000 ms MarkObjects: 3.114400 ms  DeleteObjects: 0.029500 ms)

AssetImportParameters requested are different than current active one (requested -> active):
  custom:graphics/normal-map-encoding: 01000000000000000000000000000000 -> 02000000000000000000000000000000
========================================================================
Received Prepare
Refreshing native plugins compatible for Editor in 7.31 ms, found 1 plugins.
Preloading 0 native plugins for Editor in 0.00 ms.
Unloading 19 Unused Serialized files (Serialized files now loaded: 0)
System memory in use before: 53.4 MB.
System memory in use after: 53.5 MB.

Unloading 19 unused Assets to reduce memory usage. Loaded Objects now: 2434.
Total: 6.491900 ms (FindLiveObjects: 1.508500 ms CreateObjectMapping: 0.230700 ms MarkObjects: 4.713500 ms  DeleteObjects: 0.032000 ms)

========================================================================
Received Prepare
Registering precompiled user dll's ...
Registered in 0.001722 seconds.
Begin MonoManager ReloadAssembly
Native extension for WindowsStandalone target not found
Refreshing native plugins compatible for Editor in 0.81 ms, found 1 plugins.
Preloading 0 native plugins for Editor in 0.00 ms.
Invoked RoslynAnalysisRunner static constructor.
RoslynAnalysisRunner will not be running.
RoslynAnalysisRunner has terminated.
Mono: successfully reloaded assembly
- Completed reload, in  1.438 seconds
Platform modules already initialized, skipping
Refreshing native plugins compatible for Editor in 0.68 ms, found 1 plugins.
Preloading 0 native plugins for Editor in 0.00 ms.
Unloading 1904 Unused Serialized files (Serialized files now loaded: 0)
System memory in use before: 90.7 MB.
System memory in use after: 90.9 MB.

Unloading 21 unused Assets to reduce memory usage. Loaded Objects now: 2437.
Total: 3.386100 ms (FindLiveObjects: 0.465500 ms CreateObjectMapping: 0.169600 ms MarkObjects: 2.721400 ms  DeleteObjects: 0.027800 ms)

========================================================================
Received Prepare
Refreshing native plugins compatible for Editor in 7.97 ms, found 1 plugins.
Preloading 0 native plugins for Editor in 0.00 ms.
Unloading 19 Unused Serialized files (Serialized files now loaded: 0)
System memory in use before: 53.5 MB.
System memory in use after: 53.6 MB.

Unloading 19 unused Assets to reduce memory usage. Loaded Objects now: 2437.
Total: 16.114000 ms (FindLiveObjects: 0.648800 ms CreateObjectMapping: 1.187700 ms MarkObjects: 14.210000 ms  DeleteObjects: 0.063500 ms)

========================================================================
Received Import Request.
  Time since last request: 2532.175685 seconds.
  path: Packages/com.unity.2d.path/Editor/Handles/ShapeTool.png
  artifactKey: Guid(0601759dc49769849996e4dae10a2204) Importer(815301076,1909f56bfc062723c751e8b465ee728b)
Start importing Packages/com.unity.2d.path/Editor/Handles/ShapeTool.png using Guid(0601759dc49769849996e4dae10a2204) Importer(815301076,1909f56bfc062723c751e8b465ee728b)  -> (artifact id: 'f9b48612f10fb8ff9965c93b4f19b597') in 0.423954 seconds
  Import took 0.449888 seconds .

========================================================================
Received Import Request.
  Time since last request: 0.000384 seconds.
  path: Packages/com.unity.2d.sprite/Editor/ObjectMenuCreation/DefaultAssets/Textures/HexagonPointed-Top.png
  artifactKey: Guid(4b2a04fdbe0ef4d8da8f90eaca817cd1) Importer(815301076,1909f56bfc062723c751e8b465ee728b)
Start importing Packages/com.unity.2d.sprite/Editor/ObjectMenuCreation/DefaultAssets/Textures/HexagonPointed-Top.png using Guid(4b2a04fdbe0ef4d8da8f90eaca817cd1) Importer(815301076,1909f56bfc062723c751e8b465ee728b)  -> (artifact id: '8e09aa4f6e90b30f9236067de9e29cac') in 0.084189 seconds
  Import took 0.112811 seconds .

========================================================================
Received Import Request.
  Time since last request: 0.000443 seconds.
  path: Packages/com.unity.2d.sprite/Editor/ObjectMenuCreation/DefaultAssets/Textures/HexagonFlat-Top.png
  artifactKey: Guid(a9716c16a44a94eed9b5c90fbf4d9bdd) Importer(815301076,1909f56bfc062723c751e8b465ee728b)
Start importing Packages/com.unity.2d.sprite/Editor/ObjectMenuCreation/DefaultAssets/Textures/HexagonFlat-Top.png using Guid(a9716c16a44a94eed9b5c90fbf4d9bdd) Importer(815301076,1909f56bfc062723c751e8b465ee728b)  -> (artifact id: '7919c1898eb996bbdf8e1f4a6b622df9') in 0.057650 seconds
  Import took 0.070848 seconds .

========================================================================
Received Import Request.
  Time since last request: 0.000402 seconds.
  path: Packages/com.unity.2d.path/Editor/Handles/ShapeToolPro.png
  artifactKey: Guid(20ac412813dce2241a95fcf2dad05436) Importer(815301076,1909f56bfc062723c751e8b465ee728b)
Start importing Packages/com.unity.2d.path/Editor/Handles/ShapeToolPro.png using Guid(20ac412813dce2241a95fcf2dad05436) Importer(815301076,1909f56bfc062723c751e8b465ee728b)  -> (artifact id: 'ea68d7f6a769c1c1f1636bd69f6f2f91') in 0.050800 seconds
  Import took 0.055639 seconds .

========================================================================
Received Import Request.
  Time since last request: 0.000410 seconds.
  path: Packages/com.unity.2d.sprite/Editor/ObjectMenuCreation/DefaultAssets/Textures/IsometricDiamond.png
  artifactKey: Guid(0d267bc78a0864eb48358689b29ed20a) Importer(815301076,1909f56bfc062723c751e8b465ee728b)
Start importing Packages/com.unity.2d.sprite/Editor/ObjectMenuCreation/DefaultAssets/Textures/IsometricDiamond.png using Guid(0d267bc78a0864eb48358689b29ed20a) Importer(815301076,1909f56bfc062723c751e8b465ee728b)  -> (artifact id: 'dd43fef68d2c6e55b03c63643cbe07e4') in 0.054646 seconds
  Import took 0.065138 seconds .

========================================================================
Received Import Request.
  Time since last request: 174.425732 seconds.
  path: Assets/Texture/Sheet.png
  artifactKey: Guid(607b4a38a91e1b349a9ebfa5db0b127e) Importer(815301076,1909f56bfc062723c751e8b465ee728b)
Start importing Assets/Texture/Sheet.png using Guid(607b4a38a91e1b349a9ebfa5db0b127e) Importer(815301076,1909f56bfc062723c751e8b465ee728b)  -> (artifact id: 'b8a58a58ca208ac8abc940ce21c10f8f') in 0.163210 seconds
  Import took 0.168661 seconds .

========================================================================
Received Import Request.
  Time since last request: 0.009761 seconds.
  path: Assets/Texture/Sheet.png
  artifactKey: Guid(607b4a38a91e1b349a9ebfa5db0b127e) Importer(815301076,1909f56bfc062723c751e8b465ee728b)
Start importing Assets/Texture/Sheet.png using Guid(607b4a38a91e1b349a9ebfa5db0b127e) Importer(815301076,1909f56bfc062723c751e8b465ee728b)  -> (artifact id: 'b8a58a58ca208ac8abc940ce21c10f8f') in 0.023990 seconds
  Import took 0.029540 seconds .

========================================================================
Received Prepare
Registering precompiled user dll's ...
Registered in 0.001861 seconds.
Begin MonoManager ReloadAssembly
Native extension for WindowsStandalone target not found
Refreshing native plugins compatible for Editor in 1.06 ms, found 1 plugins.
Preloading 0 native plugins for Editor in 0.00 ms.
Invoked RoslynAnalysisRunner static constructor.
RoslynAnalysisRunner will not be running.
RoslynAnalysisRunner has terminated.
Mono: successfully reloaded assembly
- Completed reload, in  1.345 seconds
Platform modules already initialized, skipping
Refreshing native plugins compatible for Editor in 1.11 ms, found 1 plugins.
Preloading 0 native plugins for Editor in 0.00 ms.
Unloading 1904 Unused Serialized files (Serialized files now loaded: 0)
System memory in use before: 90.8 MB.
System memory in use after: 90.9 MB.

Unloading 21 unused Assets to reduce memory usage. Loaded Objects now: 2449.
Total: 3.427600 ms (FindLiveObjects: 0.303000 ms CreateObjectMapping: 0.069100 ms MarkObjects: 3.025800 ms  DeleteObjects: 0.027900 ms)

========================================================================
Received Prepare
Registering precompiled user dll's ...
Registered in 0.002169 seconds.
Begin MonoManager ReloadAssembly
Native extension for WindowsStandalone target not found
Refreshing native plugins compatible for Editor in 1.07 ms, found 1 plugins.
Preloading 0 native plugins for Editor in 0.00 ms.
Invoked RoslynAnalysisRunner static constructor.
RoslynAnalysisRunner will not be running.
RoslynAnalysisRunner has terminated.
Mono: successfully reloaded assembly
- Completed reload, in  1.379 seconds
Platform modules already initialized, skipping
Refreshing native plugins compatible for Editor in 0.65 ms, found 1 plugins.
Preloading 0 native plugins for Editor in 0.00 ms.
Unloading 1904 Unused Serialized files (Serialized files now loaded: 0)
System memory in use before: 90.8 MB.
System memory in use after: 90.9 MB.

Unloading 21 unused Assets to reduce memory usage. Loaded Objects now: 2452.
Total: 2.776600 ms (FindLiveObjects: 0.298200 ms CreateObjectMapping: 0.077800 ms MarkObjects: 2.369700 ms  DeleteObjects: 0.029300 ms)

========================================================================
Received Prepare
Registering precompiled user dll's ...
Registered in 0.001854 seconds.
Begin MonoManager ReloadAssembly
Native extension for WindowsStandalone target not found
Refreshing native plugins compatible for Editor in 0.72 ms, found 1 plugins.
Preloading 0 native plugins for Editor in 0.00 ms.
Invoked RoslynAnalysisRunner static constructor.
RoslynAnalysisRunner will not be running.
RoslynAnalysisRunner has terminated.
Mono: successfully reloaded assembly
- Completed reload, in  1.262 seconds
Platform modules already initialized, skipping
Refreshing native plugins compatible for Editor in 0.74 ms, found 1 plugins.
Preloading 0 native plugins for Editor in 0.00 ms.
Unloading 1904 Unused Serialized files (Serialized files now loaded: 0)
System memory in use before: 90.8 MB.
System memory in use after: 90.9 MB.

Unloading 21 unused Assets to reduce memory usage. Loaded Objects now: 2455.
Total: 4.191400 ms (FindLiveObjects: 0.538400 ms CreateObjectMapping: 0.147900 ms MarkObjects: 3.468400 ms  DeleteObjects: 0.034800 ms)

========================================================================
Received Import Request.
  Time since last request: 287.367421 seconds.
  path: Assets/Texture/RejectingCross.png
  artifactKey: Guid(8a5da68ebce110e428608a5f256e794b) Importer(815301076,1909f56bfc062723c751e8b465ee728b)
Start importing Assets/Texture/RejectingCross.png using Guid(8a5da68ebce110e428608a5f256e794b) Importer(815301076,1909f56bfc062723c751e8b465ee728b)  -> (artifact id: 'eb79c20c0737043c1f5fd4f0492e7691') in 0.096541 seconds
  Import took 0.124649 seconds .

========================================================================
Received Prepare
Registering precompiled user dll's ...
Registered in 0.001824 seconds.
Begin MonoManager ReloadAssembly
Native extension for WindowsStandalone target not found
Refreshing native plugins compatible for Editor in 0.83 ms, found 1 plugins.
Preloading 0 native plugins for Editor in 0.00 ms.
Invoked RoslynAnalysisRunner static constructor.
RoslynAnalysisRunner will not be running.
RoslynAnalysisRunner has terminated.
Mono: successfully reloaded assembly
- Completed reload, in  1.347 seconds
Platform modules already initialized, skipping
Refreshing native plugins compatible for Editor in 0.77 ms, found 1 plugins.
Preloading 0 native plugins for Editor in 0.00 ms.
Unloading 1904 Unused Serialized files (Serialized files now loaded: 0)
System memory in use before: 90.8 MB.
System memory in use after: 90.9 MB.

Unloading 21 unused Assets to reduce memory usage. Loaded Objects now: 2461.
Total: 3.865200 ms (FindLiveObjects: 0.385100 ms CreateObjectMapping: 0.117600 ms MarkObjects: 3.327100 ms  DeleteObjects: 0.032500 ms)

========================================================================
Received Prepare
Registering precompiled user dll's ...
Registered in 0.002058 seconds.
Begin MonoManager ReloadAssembly
Native extension for WindowsStandalone target not found
Refreshing native plugins compatible for Editor in 0.69 ms, found 1 plugins.
Preloading 0 native plugins for Editor in 0.00 ms.
Invoked RoslynAnalysisRunner static constructor.
RoslynAnalysisRunner will not be running.
RoslynAnalysisRunner has terminated.
Mono: successfully reloaded assembly
- Completed reload, in  1.413 seconds
Platform modules already initialized, skipping
Refreshing native plugins compatible for Editor in 0.84 ms, found 1 plugins.
Preloading 0 native plugins for Editor in 0.00 ms.
Unloading 1904 Unused Serialized files (Serialized files now loaded: 0)
System memory in use before: 90.8 MB.
System memory in use after: 90.9 MB.

Unloading 21 unused Assets to reduce memory usage. Loaded Objects now: 2464.
Total: 3.772200 ms (FindLiveObjects: 0.424400 ms CreateObjectMapping: 0.122800 ms MarkObjects: 3.189000 ms  DeleteObjects: 0.033800 ms)

========================================================================
Received Prepare
Registering precompiled user dll's ...
Registered in 0.001590 seconds.
Begin MonoManager ReloadAssembly
Native extension for WindowsStandalone target not found
Refreshing native plugins compatible for Editor in 0.76 ms, found 1 plugins.
Preloading 0 native plugins for Editor in 0.00 ms.
Invoked RoslynAnalysisRunner static constructor.
RoslynAnalysisRunner will not be running.
RoslynAnalysisRunner has terminated.
Mono: successfully reloaded assembly
- Completed reload, in  1.517 seconds
Platform modules already initialized, skipping
Refreshing native plugins compatible for Editor in 0.67 ms, found 1 plugins.
Preloading 0 native plugins for Editor in 0.00 ms.
Unloading 1904 Unused Serialized files (Serialized files now loaded: 0)
System memory in use before: 90.8 MB.
System memory in use after: 90.9 MB.

Unloading 21 unused Assets to reduce memory usage. Loaded Objects now: 2467.
Total: 3.217000 ms (FindLiveObjects: 0.460100 ms CreateObjectMapping: 0.105600 ms MarkObjects: 2.619700 ms  DeleteObjects: 0.030100 ms)

========================================================================
Received Prepare
Registering precompiled user dll's ...
Registered in 0.002079 seconds.
Begin MonoManager ReloadAssembly
Native extension for WindowsStandalone target not found
Refreshing native plugins compatible for Editor in 0.97 ms, found 1 plugins.
Preloading 0 native plugins for Editor in 0.00 ms.
Invoked RoslynAnalysisRunner static constructor.
RoslynAnalysisRunner will not be running.
RoslynAnalysisRunner has terminated.
Mono: successfully reloaded assembly
- Completed reload, in  1.406 seconds
Platform modules already initialized, skipping
Refreshing native plugins compatible for Editor in 0.89 ms, found 1 plugins.
Preloading 0 native plugins for Editor in 0.00 ms.
Unloading 1904 Unused Serialized files (Serialized files now loaded: 0)
System memory in use before: 90.8 MB.
System memory in use after: 90.9 MB.

Unloading 21 unused Assets to reduce memory usage. Loaded Objects now: 2470.
Total: 4.302100 ms (FindLiveObjects: 0.467500 ms CreateObjectMapping: 0.155400 ms MarkObjects: 3.629000 ms  DeleteObjects: 0.047900 ms)

========================================================================
Received Prepare
Registering precompiled user dll's ...
Registered in 0.002001 seconds.
Begin MonoManager ReloadAssembly
Native extension for WindowsStandalone target not found
Refreshing native plugins compatible for Editor in 0.68 ms, found 1 plugins.
Preloading 0 native plugins for Editor in 0.00 ms.
Invoked RoslynAnalysisRunner static constructor.
RoslynAnalysisRunner will not be running.
RoslynAnalysisRunner has terminated.
Mono: successfully reloaded assembly
- Completed reload, in  1.296 seconds
Platform modules already initialized, skipping
Refreshing native plugins compatible for Editor in 0.71 ms, found 1 plugins.
Preloading 0 native plugins for Editor in 0.00 ms.
Unloading 1904 Unused Serialized files (Serialized files now loaded: 0)
System memory in use before: 90.8 MB.
System memory in use after: 90.9 MB.

Unloading 21 unused Assets to reduce memory usage. Loaded Objects now: 2473.
Total: 3.487700 ms (FindLiveObjects: 0.474700 ms CreateObjectMapping: 0.072200 ms MarkObjects: 2.904300 ms  DeleteObjects: 0.034600 ms)

========================================================================
Received Prepare
Registering precompiled user dll's ...
Registered in 0.001680 seconds.
Begin MonoManager ReloadAssembly
Native extension for WindowsStandalone target not found
Refreshing native plugins compatible for Editor in 0.75 ms, found 1 plugins.
Preloading 0 native plugins for Editor in 0.00 ms.
Invoked RoslynAnalysisRunner static constructor.
RoslynAnalysisRunner will not be running.
RoslynAnalysisRunner has terminated.
Mono: successfully reloaded assembly
- Completed reload, in  1.317 seconds
Platform modules already initialized, skipping
Refreshing native plugins compatible for Editor in 0.62 ms, found 1 plugins.
Preloading 0 native plugins for Editor in 0.00 ms.
Unloading 1904 Unused Serialized files (Serialized files now loaded: 0)
System memory in use before: 90.8 MB.
System memory in use after: 91.0 MB.

Unloading 21 unused Assets to reduce memory usage. Loaded Objects now: 2476.
Total: 3.172000 ms (FindLiveObjects: 0.478900 ms CreateObjectMapping: 0.084400 ms MarkObjects: 2.576400 ms  DeleteObjects: 0.030300 ms)

========================================================================
Received Prepare
Registering precompiled user dll's ...
Registered in 0.002502 seconds.
Begin MonoManager ReloadAssembly
Native extension for WindowsStandalone target not found
Refreshing native plugins compatible for Editor in 1.20 ms, found 1 plugins.
Preloading 0 native plugins for Editor in 0.00 ms.
Invoked RoslynAnalysisRunner static constructor.
RoslynAnalysisRunner will not be running.
RoslynAnalysisRunner has terminated.
Mono: successfully reloaded assembly
- Completed reload, in  1.317 seconds
Platform modules already initialized, skipping
Refreshing native plugins compatible for Editor in 0.63 ms, found 1 plugins.
Preloading 0 native plugins for Editor in 0.00 ms.
Unloading 1904 Unused Serialized files (Serialized files now loaded: 0)
System memory in use before: 90.8 MB.
System memory in use after: 91.0 MB.

Unloading 21 unused Assets to reduce memory usage. Loaded Objects now: 2479.
Total: 2.948100 ms (FindLiveObjects: 0.418100 ms CreateObjectMapping: 0.116500 ms MarkObjects: 2.383700 ms  DeleteObjects: 0.028000 ms)

========================================================================
Received Prepare
Registering precompiled user dll's ...
Registered in 0.001913 seconds.
Begin MonoManager ReloadAssembly
Native extension for WindowsStandalone target not found
Refreshing native plugins compatible for Editor in 0.73 ms, found 1 plugins.
Preloading 0 native plugins for Editor in 0.00 ms.
Invoked RoslynAnalysisRunner static constructor.
RoslynAnalysisRunner will not be running.
RoslynAnalysisRunner has terminated.
Mono: successfully reloaded assembly
- Completed reload, in  1.426 seconds
Platform modules already initialized, skipping
Refreshing native plugins compatible for Editor in 0.84 ms, found 1 plugins.
Preloading 0 native plugins for Editor in 0.00 ms.
Unloading 1904 Unused Serialized files (Serialized files now loaded: 0)
System memory in use before: 90.9 MB.
System memory in use after: 91.0 MB.

Unloading 21 unused Assets to reduce memory usage. Loaded Objects now: 2482.
Total: 3.595000 ms (FindLiveObjects: 0.446400 ms CreateObjectMapping: 0.136400 ms MarkObjects: 2.925100 ms  DeleteObjects: 0.085000 ms)

========================================================================
Received Prepare
Registering precompiled user dll's ...
Registered in 0.001602 seconds.
Begin MonoManager ReloadAssembly
Native extension for WindowsStandalone target not found
Refreshing native plugins compatible for Editor in 0.69 ms, found 1 plugins.
Preloading 0 native plugins for Editor in 0.00 ms.
Invoked RoslynAnalysisRunner static constructor.
RoslynAnalysisRunner will not be running.
RoslynAnalysisRunner has terminated.
Mono: successfully reloaded assembly
- Completed reload, in  1.429 seconds
Platform modules already initialized, skipping
Refreshing native plugins compatible for Editor in 0.79 ms, found 1 plugins.
Preloading 0 native plugins for Editor in 0.00 ms.
Unloading 1904 Unused Serialized files (Serialized files now loaded: 0)
System memory in use before: 90.9 MB.
System memory in use after: 91.0 MB.

Unloading 21 unused Assets to reduce memory usage. Loaded Objects now: 2485.
Total: 4.282000 ms (FindLiveObjects: 0.602700 ms CreateObjectMapping: 0.182400 ms MarkObjects: 3.460000 ms  DeleteObjects: 0.033900 ms)

========================================================================
Received Prepare
Registering precompiled user dll's ...
Registered in 0.001494 seconds.
Begin MonoManager ReloadAssembly
Native extension for WindowsStandalone target not found
Refreshing native plugins compatible for Editor in 0.63 ms, found 1 plugins.
Preloading 0 native plugins for Editor in 0.00 ms.
Invoked RoslynAnalysisRunner static constructor.
RoslynAnalysisRunner will not be running.
RoslynAnalysisRunner has terminated.
Mono: successfully reloaded assembly
- Completed reload, in  1.337 seconds
Platform modules already initialized, skipping
Refreshing native plugins compatible for Editor in 0.64 ms, found 1 plugins.
Preloading 0 native plugins for Editor in 0.00 ms.
Unloading 1904 Unused Serialized files (Serialized files now loaded: 0)
System memory in use before: 90.9 MB.
System memory in use after: 91.0 MB.

Unloading 21 unused Assets to reduce memory usage. Loaded Objects now: 2488.
Total: 3.440100 ms (FindLiveObjects: 0.332900 ms CreateObjectMapping: 0.078400 ms MarkObjects: 2.989600 ms  DeleteObjects: 0.037600 ms)

========================================================================
Received Prepare
Registering precompiled user dll's ...
Registered in 0.001627 seconds.
Begin MonoManager ReloadAssembly
Native extension for WindowsStandalone target not found
Refreshing native plugins compatible for Editor in 0.68 ms, found 1 plugins.
Preloading 0 native plugins for Editor in 0.00 ms.
Invoked RoslynAnalysisRunner static constructor.
RoslynAnalysisRunner will not be running.
RoslynAnalysisRunner has terminated.
Mono: successfully reloaded assembly
- Completed reload, in  1.270 seconds
Platform modules already initialized, skipping
Refreshing native plugins compatible for Editor in 0.64 ms, found 1 plugins.
Preloading 0 native plugins for Editor in 0.00 ms.
Unloading 1904 Unused Serialized files (Serialized files now loaded: 0)
System memory in use before: 90.9 MB.
System memory in use after: 91.0 MB.

Unloading 21 unused Assets to reduce memory usage. Loaded Objects now: 2491.
Total: 3.705800 ms (FindLiveObjects: 0.491600 ms CreateObjectMapping: 0.151000 ms MarkObjects: 3.023000 ms  DeleteObjects: 0.038700 ms)

========================================================================
Received Prepare
Registering precompiled user dll's ...
Registered in 0.001460 seconds.
Begin MonoManager ReloadAssembly
Native extension for WindowsStandalone target not found
Refreshing native plugins compatible for Editor in 0.80 ms, found 1 plugins.
Preloading 0 native plugins for Editor in 0.00 ms.
Invoked RoslynAnalysisRunner static constructor.
RoslynAnalysisRunner will not be running.
RoslynAnalysisRunner has terminated.
Mono: successfully reloaded assembly
- Completed reload, in  1.461 seconds
Platform modules already initialized, skipping
Refreshing native plugins compatible for Editor in 0.78 ms, found 1 plugins.
Preloading 0 native plugins for Editor in 0.00 ms.
Unloading 1904 Unused Serialized files (Serialized files now loaded: 0)
System memory in use before: 90.9 MB.
System memory in use after: 91.0 MB.

Unloading 21 unused Assets to reduce memory usage. Loaded Objects now: 2494.
Total: 3.527400 ms (FindLiveObjects: 0.542100 ms CreateObjectMapping: 0.087100 ms MarkObjects: 2.864200 ms  DeleteObjects: 0.032100 ms)

========================================================================
Received Prepare
Registering precompiled user dll's ...
Registered in 0.001589 seconds.
Begin MonoManager ReloadAssembly
Native extension for WindowsStandalone target not found
Refreshing native plugins compatible for Editor in 0.64 ms, found 1 plugins.
Preloading 0 native plugins for Editor in 0.00 ms.
Invoked RoslynAnalysisRunner static constructor.
RoslynAnalysisRunner will not be running.
RoslynAnalysisRunner has terminated.
Mono: successfully reloaded assembly
- Completed reload, in  1.359 seconds
Platform modules already initialized, skipping
Refreshing native plugins compatible for Editor in 0.74 ms, found 1 plugins.
Preloading 0 native plugins for Editor in 0.00 ms.
Unloading 1904 Unused Serialized files (Serialized files now loaded: 0)
System memory in use before: 90.9 MB.
System memory in use after: 91.0 MB.

Unloading 21 unused Assets to reduce memory usage. Loaded Objects now: 2497.
Total: 3.151300 ms (FindLiveObjects: 0.333800 ms CreateObjectMapping: 0.085900 ms MarkObjects: 2.680200 ms  DeleteObjects: 0.048900 ms)

========================================================================
Received Prepare
Registering precompiled user dll's ...
Registered in 0.001524 seconds.
Begin MonoManager ReloadAssembly
Native extension for WindowsStandalone target not found
Refreshing native plugins compatible for Editor in 0.63 ms, found 1 plugins.
Preloading 0 native plugins for Editor in 0.00 ms.
Invoked RoslynAnalysisRunner static constructor.
RoslynAnalysisRunner will not be running.
RoslynAnalysisRunner has terminated.
Mono: successfully reloaded assembly
- Completed reload, in  1.447 seconds
Platform modules already initialized, skipping
Refreshing native plugins compatible for Editor in 0.61 ms, found 1 plugins.
Preloading 0 native plugins for Editor in 0.00 ms.
Unloading 1904 Unused Serialized files (Serialized files now loaded: 0)
System memory in use before: 90.9 MB.
System memory in use after: 91.0 MB.

Unloading 21 unused Assets to reduce memory usage. Loaded Objects now: 2500.
Total: 3.672300 ms (FindLiveObjects: 0.362000 ms CreateObjectMapping: 0.097100 ms MarkObjects: 3.178500 ms  DeleteObjects: 0.032800 ms)

========================================================================
Received Prepare
Registering precompiled user dll's ...
Registered in 0.001684 seconds.
Begin MonoManager ReloadAssembly
Native extension for WindowsStandalone target not found
Refreshing native plugins compatible for Editor in 0.82 ms, found 1 plugins.
Preloading 0 native plugins for Editor in 0.00 ms.
Invoked RoslynAnalysisRunner static constructor.
RoslynAnalysisRunner will not be running.
RoslynAnalysisRunner has terminated.
Mono: successfully reloaded assembly
- Completed reload, in  1.439 seconds
Platform modules already initialized, skipping
Refreshing native plugins compatible for Editor in 0.61 ms, found 1 plugins.
Preloading 0 native plugins for Editor in 0.00 ms.
Unloading 1904 Unused Serialized files (Serialized files now loaded: 0)
System memory in use before: 90.9 MB.
System memory in use after: 91.0 MB.

Unloading 21 unused Assets to reduce memory usage. Loaded Objects now: 2503.
Total: 3.271800 ms (FindLiveObjects: 0.357000 ms CreateObjectMapping: 0.078800 ms MarkObjects: 2.795400 ms  DeleteObjects: 0.038800 ms)

========================================================================
Received Prepare
Registering precompiled user dll's ...
Registered in 0.001521 seconds.
Begin MonoManager ReloadAssembly
Native extension for WindowsStandalone target not found
Refreshing native plugins compatible for Editor in 0.76 ms, found 1 plugins.
Preloading 0 native plugins for Editor in 0.00 ms.
Invoked RoslynAnalysisRunner static constructor.
RoslynAnalysisRunner will not be running.
RoslynAnalysisRunner has terminated.
Mono: successfully reloaded assembly
- Completed reload, in  1.333 seconds
Platform modules already initialized, skipping
Refreshing native plugins compatible for Editor in 0.59 ms, found 1 plugins.
Preloading 0 native plugins for Editor in 0.00 ms.
Unloading 1917 Unused Serialized files (Serialized files now loaded: 0)
System memory in use before: 92.7 MB.
System memory in use after: 92.2 MB.

Unloading 34 unused Assets to reduce memory usage. Loaded Objects now: 2506.
Total: 3.188500 ms (FindLiveObjects: 0.301700 ms CreateObjectMapping: 0.078100 ms MarkObjects: 2.332200 ms  DeleteObjects: 0.474800 ms)

========================================================================
Received Prepare
Registering precompiled user dll's ...
Registered in 0.001559 seconds.
Begin MonoManager ReloadAssembly
Native extension for WindowsStandalone target not found
Refreshing native plugins compatible for Editor in 1.22 ms, found 1 plugins.
Preloading 0 native plugins for Editor in 0.00 ms.
Invoked RoslynAnalysisRunner static constructor.
RoslynAnalysisRunner will not be running.
RoslynAnalysisRunner has terminated.
Mono: successfully reloaded assembly
- Completed reload, in  1.486 seconds
Platform modules already initialized, skipping
Refreshing native plugins compatible for Editor in 0.65 ms, found 1 plugins.
Preloading 0 native plugins for Editor in 0.00 ms.
Unloading 1917 Unused Serialized files (Serialized files now loaded: 0)
System memory in use before: 92.7 MB.
System memory in use after: 92.2 MB.

Unloading 34 unused Assets to reduce memory usage. Loaded Objects now: 2509.
Total: 4.413500 ms (FindLiveObjects: 0.401000 ms CreateObjectMapping: 0.108900 ms MarkObjects: 3.302000 ms  DeleteObjects: 0.599300 ms)

========================================================================
Received Prepare
Registering precompiled user dll's ...
Registered in 0.001523 seconds.
Begin MonoManager ReloadAssembly
Native extension for WindowsStandalone target not found
Refreshing native plugins compatible for Editor in 0.72 ms, found 1 plugins.
Preloading 0 native plugins for Editor in 0.00 ms.
Invoked RoslynAnalysisRunner static constructor.
RoslynAnalysisRunner will not be running.
RoslynAnalysisRunner has terminated.
Mono: successfully reloaded assembly
- Completed reload, in  1.366 seconds
Platform modules already initialized, skipping
Refreshing native plugins compatible for Editor in 0.77 ms, found 1 plugins.
Preloading 0 native plugins for Editor in 0.00 ms.
Unloading 1917 Unused Serialized files (Serialized files now loaded: 0)
System memory in use before: 92.7 MB.
System memory in use after: 92.2 MB.

Unloading 34 unused Assets to reduce memory usage. Loaded Objects now: 2512.
Total: 4.400600 ms (FindLiveObjects: 0.449500 ms CreateObjectMapping: 0.154200 ms MarkObjects: 3.226000 ms  DeleteObjects: 0.569200 ms)

========================================================================
Received Prepare
Registering precompiled user dll's ...
Registered in 0.002428 seconds.
Begin MonoManager ReloadAssembly
Native extension for WindowsStandalone target not found
Refreshing native plugins compatible for Editor in 0.78 ms, found 1 plugins.
Preloading 0 native plugins for Editor in 0.00 ms.
Invoked RoslynAnalysisRunner static constructor.
RoslynAnalysisRunner will not be running.
RoslynAnalysisRunner has terminated.
Mono: successfully reloaded assembly
- Completed reload, in  3.326 seconds
Platform modules already initialized, skipping
Refreshing native plugins compatible for Editor in 1.21 ms, found 1 plugins.
Preloading 0 native plugins for Editor in 0.00 ms.
Unloading 1917 Unused Serialized files (Serialized files now loaded: 0)
System memory in use before: 92.7 MB.
System memory in use after: 92.2 MB.

Unloading 34 unused Assets to reduce memory usage. Loaded Objects now: 2515.
Total: 8.025200 ms (FindLiveObjects: 0.936300 ms CreateObjectMapping: 0.611700 ms MarkObjects: 5.939200 ms  DeleteObjects: 0.535400 ms)

========================================================================
Received Prepare
Registering precompiled user dll's ...
Registered in 0.001956 seconds.
Begin MonoManager ReloadAssembly
Native extension for WindowsStandalone target not found
Refreshing native plugins compatible for Editor in 0.90 ms, found 1 plugins.
Preloading 0 native plugins for Editor in 0.00 ms.
Invoked RoslynAnalysisRunner static constructor.
RoslynAnalysisRunner will not be running.
RoslynAnalysisRunner has terminated.
Mono: successfully reloaded assembly
- Completed reload, in  1.367 seconds
Platform modules already initialized, skipping
Refreshing native plugins compatible for Editor in 0.94 ms, found 1 plugins.
Preloading 0 native plugins for Editor in 0.00 ms.
Unloading 1917 Unused Serialized files (Serialized files now loaded: 0)
System memory in use before: 92.7 MB.
System memory in use after: 92.2 MB.

Unloading 34 unused Assets to reduce memory usage. Loaded Objects now: 2518.
Total: 5.314200 ms (FindLiveObjects: 0.410000 ms CreateObjectMapping: 0.136500 ms MarkObjects: 4.052100 ms  DeleteObjects: 0.713500 ms)

========================================================================
Received Import Request.
  Time since last request: 21219.373168 seconds.
  path: Assets/TextMesh Pro
  artifactKey: Guid(f54d1bd14bd3ca042bd867b519fee8cc) Importer(815301076,1909f56bfc062723c751e8b465ee728b)
Start importing Assets/TextMesh Pro using Guid(f54d1bd14bd3ca042bd867b519fee8cc) Importer(815301076,1909f56bfc062723c751e8b465ee728b)  -> (artifact id: 'be8cdd793bc772d1263bed7ea4fab192') in 0.120206 seconds
  Import took 0.142499 seconds .

========================================================================
Received Prepare
Registering precompiled user dll's ...
Registered in 0.001725 seconds.
Begin MonoManager ReloadAssembly
Native extension for WindowsStandalone target not found
Refreshing native plugins compatible for Editor in 0.65 ms, found 1 plugins.
Preloading 0 native plugins for Editor in 0.00 ms.
Invoked RoslynAnalysisRunner static constructor.
RoslynAnalysisRunner will not be running.
RoslynAnalysisRunner has terminated.
Mono: successfully reloaded assembly
- Completed reload, in  1.396 seconds
Platform modules already initialized, skipping
Refreshing native plugins compatible for Editor in 0.74 ms, found 1 plugins.
Preloading 0 native plugins for Editor in 0.00 ms.
Unloading 1904 Unused Serialized files (Serialized files now loaded: 0)
System memory in use before: 91.0 MB.
System memory in use after: 91.1 MB.

Unloading 21 unused Assets to reduce memory usage. Loaded Objects now: 2521.
Total: 3.532100 ms (FindLiveObjects: 0.323700 ms CreateObjectMapping: 0.082000 ms MarkObjects: 3.093500 ms  DeleteObjects: 0.031000 ms)

========================================================================
Received Prepare
Registering precompiled user dll's ...
Registered in 0.023112 seconds.
Begin MonoManager ReloadAssembly
Native extension for WindowsStandalone target not found
Refreshing native plugins compatible for Editor in 0.62 ms, found 1 plugins.
Preloading 0 native plugins for Editor in 0.00 ms.
Invoked RoslynAnalysisRunner static constructor.
RoslynAnalysisRunner will not be running.
RoslynAnalysisRunner has terminated.
Mono: successfully reloaded assembly
- Completed reload, in  1.463 seconds
Platform modules already initialized, skipping
Refreshing native plugins compatible for Editor in 0.71 ms, found 1 plugins.
Preloading 0 native plugins for Editor in 0.00 ms.
Unloading 1907 Unused Serialized files (Serialized files now loaded: 0)
System memory in use before: 91.1 MB.
System memory in use after: 91.2 MB.

Unloading 21 unused Assets to reduce memory usage. Loaded Objects now: 2527.
Total: 3.352100 ms (FindLiveObjects: 0.306500 ms CreateObjectMapping: 0.082700 ms MarkObjects: 2.849500 ms  DeleteObjects: 0.111100 ms)

========================================================================
Received Prepare
Registering precompiled user dll's ...
Registered in 0.002033 seconds.
Begin MonoManager ReloadAssembly
Native extension for WindowsStandalone target not found
Refreshing native plugins compatible for Editor in 0.61 ms, found 1 plugins.
Preloading 0 native plugins for Editor in 0.00 ms.
Invoked RoslynAnalysisRunner static constructor.
RoslynAnalysisRunner will not be running.
RoslynAnalysisRunner has terminated.
Mono: successfully reloaded assembly
- Completed reload, in  1.294 seconds
Platform modules already initialized, skipping
Refreshing native plugins compatible for Editor in 0.74 ms, found 1 plugins.
Preloading 0 native plugins for Editor in 0.00 ms.
Unloading 1907 Unused Serialized files (Serialized files now loaded: 0)
System memory in use before: 91.1 MB.
System memory in use after: 91.2 MB.

Unloading 21 unused Assets to reduce memory usage. Loaded Objects now: 2530.
Total: 3.288600 ms (FindLiveObjects: 0.354400 ms CreateObjectMapping: 0.070700 ms MarkObjects: 2.830600 ms  DeleteObjects: 0.031300 ms)

========================================================================
Received Prepare
Registering precompiled user dll's ...
Registered in 0.001805 seconds.
Begin MonoManager ReloadAssembly
Native extension for WindowsStandalone target not found
Refreshing native plugins compatible for Editor in 0.76 ms, found 1 plugins.
Preloading 0 native plugins for Editor in 0.00 ms.
Invoked RoslynAnalysisRunner static constructor.
RoslynAnalysisRunner will not be running.
RoslynAnalysisRunner has terminated.
Mono: successfully reloaded assembly
- Completed reload, in  1.263 seconds
Platform modules already initialized, skipping
Refreshing native plugins compatible for Editor in 0.66 ms, found 1 plugins.
Preloading 0 native plugins for Editor in 0.00 ms.
Unloading 1907 Unused Serialized files (Serialized files now loaded: 0)
System memory in use before: 91.1 MB.
System memory in use after: 91.2 MB.

Unloading 21 unused Assets to reduce memory usage. Loaded Objects now: 2533.
Total: 3.687100 ms (FindLiveObjects: 0.466300 ms CreateObjectMapping: 0.136400 ms MarkObjects: 3.044100 ms  DeleteObjects: 0.038600 ms)

========================================================================
Received Prepare
Registering precompiled user dll's ...
Registered in 0.001902 seconds.
Begin MonoManager ReloadAssembly
Native extension for WindowsStandalone target not found
Refreshing native plugins compatible for Editor in 0.76 ms, found 1 plugins.
Preloading 0 native plugins for Editor in 0.00 ms.
Invoked RoslynAnalysisRunner static constructor.
RoslynAnalysisRunner will not be running.
RoslynAnalysisRunner has terminated.
Mono: successfully reloaded assembly
- Completed reload, in  1.265 seconds
Platform modules already initialized, skipping
Refreshing native plugins compatible for Editor in 0.68 ms, found 1 plugins.
Preloading 0 native plugins for Editor in 0.00 ms.
Unloading 1907 Unused Serialized files (Serialized files now loaded: 0)
System memory in use before: 91.1 MB.
System memory in use after: 91.2 MB.

Unloading 21 unused Assets to reduce memory usage. Loaded Objects now: 2536.
Total: 4.169000 ms (FindLiveObjects: 0.340300 ms CreateObjectMapping: 0.101400 ms MarkObjects: 3.688700 ms  DeleteObjects: 0.036400 ms)

========================================================================
Received Prepare
Registering precompiled user dll's ...
Registered in 0.001678 seconds.
Begin MonoManager ReloadAssembly
Native extension for WindowsStandalone target not found
Refreshing native plugins compatible for Editor in 0.61 ms, found 1 plugins.
Preloading 0 native plugins for Editor in 0.00 ms.
Invoked RoslynAnalysisRunner static constructor.
RoslynAnalysisRunner will not be running.
RoslynAnalysisRunner has terminated.
Mono: successfully reloaded assembly
- Completed reload, in  1.340 seconds
Platform modules already initialized, skipping
Refreshing native plugins compatible for Editor in 0.69 ms, found 1 plugins.
Preloading 0 native plugins for Editor in 0.00 ms.
Unloading 1907 Unused Serialized files (Serialized files now loaded: 0)
System memory in use before: 91.1 MB.
System memory in use after: 91.2 MB.

Unloading 21 unused Assets to reduce memory usage. Loaded Objects now: 2539.
Total: 3.336000 ms (FindLiveObjects: 0.322300 ms CreateObjectMapping: 0.080100 ms MarkObjects: 2.903000 ms  DeleteObjects: 0.028800 ms)

========================================================================
Received Prepare
Registering precompiled user dll's ...
Registered in 0.001706 seconds.
Begin MonoManager ReloadAssembly
Native extension for WindowsStandalone target not found
Refreshing native plugins compatible for Editor in 0.62 ms, found 1 plugins.
Preloading 0 native plugins for Editor in 0.00 ms.
Invoked RoslynAnalysisRunner static constructor.
RoslynAnalysisRunner will not be running.
RoslynAnalysisRunner has terminated.
Mono: successfully reloaded assembly
- Completed reload, in  1.291 seconds
Platform modules already initialized, skipping
Refreshing native plugins compatible for Editor in 0.67 ms, found 1 plugins.
Preloading 0 native plugins for Editor in 0.00 ms.
Unloading 1907 Unused Serialized files (Serialized files now loaded: 0)
System memory in use before: 91.1 MB.
System memory in use after: 91.2 MB.

Unloading 21 unused Assets to reduce memory usage. Loaded Objects now: 2542.
Total: 3.632400 ms (FindLiveObjects: 0.416900 ms CreateObjectMapping: 0.112300 ms MarkObjects: 3.074100 ms  DeleteObjects: 0.027500 ms)

========================================================================
Received Prepare
Registering precompiled user dll's ...
Registered in 0.001816 seconds.
Begin MonoManager ReloadAssembly
Native extension for WindowsStandalone target not found
Refreshing native plugins compatible for Editor in 0.63 ms, found 1 plugins.
Preloading 0 native plugins for Editor in 0.00 ms.
Invoked RoslynAnalysisRunner static constructor.
RoslynAnalysisRunner will not be running.
RoslynAnalysisRunner has terminated.
Mono: successfully reloaded assembly
- Completed reload, in  1.312 seconds
Platform modules already initialized, skipping
Refreshing native plugins compatible for Editor in 0.78 ms, found 1 plugins.
Preloading 0 native plugins for Editor in 0.00 ms.
Unloading 1907 Unused Serialized files (Serialized files now loaded: 0)
System memory in use before: 91.1 MB.
System memory in use after: 91.2 MB.

Unloading 21 unused Assets to reduce memory usage. Loaded Objects now: 2545.
Total: 4.069000 ms (FindLiveObjects: 0.560400 ms CreateObjectMapping: 0.193700 ms MarkObjects: 3.278300 ms  DeleteObjects: 0.034600 ms)

========================================================================
Received Prepare
Registering precompiled user dll's ...
Registered in 0.001670 seconds.
Begin MonoManager ReloadAssembly
Native extension for WindowsStandalone target not found
Refreshing native plugins compatible for Editor in 0.62 ms, found 1 plugins.
Preloading 0 native plugins for Editor in 0.00 ms.
Invoked RoslynAnalysisRunner static constructor.
RoslynAnalysisRunner will not be running.
RoslynAnalysisRunner has terminated.
Mono: successfully reloaded assembly
- Completed reload, in  1.252 seconds
Platform modules already initialized, skipping
Refreshing native plugins compatible for Editor in 0.87 ms, found 1 plugins.
Preloading 0 native plugins for Editor in 0.00 ms.
Unloading 1907 Unused Serialized files (Serialized files now loaded: 0)
System memory in use before: 91.1 MB.
System memory in use after: 91.2 MB.

Unloading 21 unused Assets to reduce memory usage. Loaded Objects now: 2548.
Total: 5.475200 ms (FindLiveObjects: 0.887500 ms CreateObjectMapping: 0.225500 ms MarkObjects: 4.313400 ms  DeleteObjects: 0.043100 ms)

========================================================================
Received Prepare
Registering precompiled user dll's ...
Registered in 0.002899 seconds.
Begin MonoManager ReloadAssembly
Native extension for WindowsStandalone target not found
Refreshing native plugins compatible for Editor in 0.67 ms, found 1 plugins.
Preloading 0 native plugins for Editor in 0.00 ms.
Invoked RoslynAnalysisRunner static constructor.
RoslynAnalysisRunner will not be running.
RoslynAnalysisRunner has terminated.
Mono: successfully reloaded assembly
- Completed reload, in  1.273 seconds
Platform modules already initialized, skipping
Refreshing native plugins compatible for Editor in 0.60 ms, found 1 plugins.
Preloading 0 native plugins for Editor in 0.00 ms.
Unloading 1907 Unused Serialized files (Serialized files now loaded: 0)
System memory in use before: 91.1 MB.
System memory in use after: 91.2 MB.

Unloading 21 unused Assets to reduce memory usage. Loaded Objects now: 2551.
Total: 3.335200 ms (FindLiveObjects: 0.435100 ms CreateObjectMapping: 0.105100 ms MarkObjects: 2.761700 ms  DeleteObjects: 0.031600 ms)

AssetImportWorkerClient::OnTransportError - code=2 error=End of file
